Build started 21.9.2016 0.10.40.
     1>Project "C:\Users\lexer\Source\Repos\TinyWorld\libswecore\libswecore.vcxproj" on node 2 (Rebuild target(s)).
     1>CudaClean:
         cmd.exe /C "C:\Users\lexer\AppData\Local\Temp\tmp5adfc77722234a61ace30a2ec9514c6e.cmd"
         "C:\Program Files\NVIDIA GPU Computing Toolkit\CUDA\v8.0\bin\nvcc.exe" -ccbin "D:\Programs\Microsoft Visual Studio 12.0\VC\bin"  -I"C:\Program Files\NVIDIA GPU Computing Toolkit\CUDA\v8.0\include" -I"C:\Program Files\NVIDIA GPU Computing Toolkit\CUDA\v8.0\include"     --keep-dir Release -maxrregcount=0  --machine 32 --compile  -Xcompiler "/openmp"     -DWIN32 -DNDEBUG -D_CONSOLE -D_MBCS -Xcompiler "/EHsc /W3 /nologo /O2 /Zi  /MD " -o Release\SaintVenantSystemCore.cu.obj "C:\Users\lexer\Source\Repos\TinyWorld\TinyWorld\KPWater_CUDA\SaintVenantSystemCore.cu" -clean
         
         C:\Users\lexer\Source\Repos\TinyWorld\libswecore>"C:\Program Files\NVIDIA GPU Computing Toolkit\CUDA\v8.0\bin\nvcc.exe" -ccbin "D:\Programs\Microsoft Visual Studio 12.0\VC\bin"  -I"C:\Program Files\NVIDIA GPU Computing Toolkit\CUDA\v8.0\include" -I"C:\Program Files\NVIDIA GPU Computing Toolkit\CUDA\v8.0\include"     --keep-dir Release -maxrregcount=0  --machine 32 --compile  -Xcompiler "/openmp"     -DWIN32 -DNDEBUG -D_CONSOLE -D_MBCS -Xcompiler "/EHsc /W3 /nologo /O2 /Zi  /MD " -o Release\SaintVenantSystemCore.cu.obj "C:\Users\lexer\Source\Repos\TinyWorld\TinyWorld\KPWater_CUDA\SaintVenantSystemCore.cu" -clean 
         SaintVenantSystemCore.cu
       AddCudaCompileDeps:
         D:\Programs\Microsoft Visual Studio 12.0\VC\bin\cl.exe /E /nologo /showIncludes /TP /D__CUDACC__ /DWIN32 /DNDEBUG /D_CONSOLE /D_MBCS /I"C:\Program Files\NVIDIA GPU Computing Toolkit\CUDA\v8.0\include" /I"C:\Program Files\NVIDIA GPU Computing Toolkit\CUDA\v8.0\bin" /I"C:\Program Files\NVIDIA GPU Computing Toolkit\CUDA\v8.0\include" /I. /FIcuda_runtime.h /c C:\Users\lexer\Source\Repos\TinyWorld\TinyWorld\KPWater_CUDA\SaintVenantSystemCore.cu 
       CudaBuild:
         Compiling CUDA source file ..\TinyWorld\KPWater_CUDA\SaintVenantSystemCore.cu...
         cmd.exe /C "C:\Users\lexer\AppData\Local\Temp\tmp031ad783ed9241e2b52097d54cdac4aa.cmd"
         "C:\Program Files\NVIDIA GPU Computing Toolkit\CUDA\v8.0\bin\nvcc.exe" -gencode=arch=compute_20,code=\"sm_20,compute_20\" -gencode=arch=compute_30,code=\"sm_30,compute_30\" -gencode=arch=compute_35,code=\"sm_35,compute_35\" -gencode=arch=compute_50,code=\"sm_50,compute_50\" --use-local-env --cl-version 2013 -ccbin "D:\Programs\Microsoft Visual Studio 12.0\VC\bin"  -I"C:\Program Files\NVIDIA GPU Computing Toolkit\CUDA\v8.0\include" -I"C:\Program Files\NVIDIA GPU Computing Toolkit\CUDA\v8.0\include"     --keep-dir Release -maxrregcount=0  --machine 32 --compile -cudart static -Xcompiler "/openmp"     -DWIN32 -DNDEBUG -D_CONSOLE -D_MBCS -Xcompiler "/EHsc /W3 /nologo /O2 /Zi  /MD " -o Release\SaintVenantSystemCore.cu.obj "C:\Users\lexer\Source\Repos\TinyWorld\TinyWorld\KPWater_CUDA\SaintVenantSystemCore.cu"
         
         C:\Users\lexer\Source\Repos\TinyWorld\libswecore>"C:\Program Files\NVIDIA GPU Computing Toolkit\CUDA\v8.0\bin\nvcc.exe" -gencode=arch=compute_20,code=\"sm_20,compute_20\" -gencode=arch=compute_30,code=\"sm_30,compute_30\" -gencode=arch=compute_35,code=\"sm_35,compute_35\" -gencode=arch=compute_50,code=\"sm_50,compute_50\" --use-local-env --cl-version 2013 -ccbin "D:\Programs\Microsoft Visual Studio 12.0\VC\bin"  -I"C:\Program Files\NVIDIA GPU Computing Toolkit\CUDA\v8.0\include" -I"C:\Program Files\NVIDIA GPU Computing Toolkit\CUDA\v8.0\include"     --keep-dir Release -maxrregcount=0  --machine 32 --compile -cudart static -Xcompiler "/openmp"     -DWIN32 -DNDEBUG -D_CONSOLE -D_MBCS -Xcompiler "/EHsc /W3 /nologo /O2 /Zi  /MD " -o Release\SaintVenantSystemCore.cu.obj "C:\Users\lexer\Source\Repos\TinyWorld\TinyWorld\KPWater_CUDA\SaintVenantSystemCore.cu" 
         SaintVenantSystemCore.cu
       ClCompile:
         D:\Programs\Microsoft Visual Studio 12.0\VC\bin\CL.exe /c /I"C:\Program Files\NVIDIA GPU Computing Toolkit\CUDA\v8.0\include" /Zi /nologo /W3 /WX- /O2 /Oi /Oy- /GL /D WIN32 /D NDEBUG /D _CONSOLE /D _MBCS /Gm- /EHsc /MD /GS /Gy /fp:precise /Zc:wchar_t /Zc:forScope /openmp /Fo"Release\\" /Fd"Release\vc120.pdb" /Gd /TP /analyze- /errorReport:prompt ..\TinyWorld\KPWater_CUDA\CudaDeviceScheduler.cpp ..\TinyWorld\KPWater_CUDA\CudaErrorWrapper.cpp ..\TinyWorld\KPWater_CUDA\UnifiedMemoryBlock.cpp
         CudaDeviceScheduler.cpp
         CudaErrorWrapper.cpp
         UnifiedMemoryBlock.cpp
       Lib:
         D:\Programs\Microsoft Visual Studio 12.0\VC\bin\Lib.exe /OUT:"..\Release\libswecore.lib" /NOLOGO /LTCG Release\SaintVenantSystemCore.cu.obj
         Release\CudaDeviceScheduler.obj
         Release\CudaErrorWrapper.obj
         Release\UnifiedMemoryBlock.obj
         libswecore.vcxproj -> C:\Users\lexer\Source\Repos\TinyWorld\libswecore\..\Release\libswecore.lib
       PostBuildEvent:
         echo copy "C:\Program Files\NVIDIA GPU Computing Toolkit\CUDA\v8.0\bin\cudart*.dll" "..\Release\"
         copy "C:\Program Files\NVIDIA GPU Computing Toolkit\CUDA\v8.0\bin\cudart*.dll" "..\Release\"
         :VCEnd
         copy "C:\Program Files\NVIDIA GPU Computing Toolkit\CUDA\v8.0\bin\cudart*.dll" "..\Release\"
         C:\Program Files\NVIDIA GPU Computing Toolkit\CUDA\v8.0\bin\cudart32_80.dll
         C:\Program Files\NVIDIA GPU Computing Toolkit\CUDA\v8.0\bin\cudart64_80.dll
                 2 file(s) copied.
     1>Done Building Project "C:\Users\lexer\Source\Repos\TinyWorld\libswecore\libswecore.vcxproj" (Rebuild target(s)).

Build succeeded.

Time Elapsed 00:00:17.07
