c:\users\abibov\source\repos\tinyworld\tinyworldcore\x64\release\vc120.pdb
c:\users\abibov\source\repos\tinyworld\tinyworldcore\x64\release\immutabletexture.obj
c:\users\abibov\source\repos\tinyworld\tinyworldcore\x64\release\imageunit.obj
c:\users\abibov\source\repos\tinyworld\tinyworldcore\x64\release\fullscreenrectangle.obj
c:\users\abibov\source\repos\tinyworld\tinyworldcore\x64\release\framebuffer.obj
c:\users\abibov\source\repos\tinyworld\tinyworldcore\x64\release\fractalnoise.obj
c:\users\abibov\source\repos\tinyworld\tinyworldcore\x64\release\errorbehavioral.obj
c:\users\abibov\source\repos\tinyworld\tinyworldcore\x64\release\environmentmap.obj
c:\users\abibov\source\repos\tinyworld\tinyworldcore\x64\release\entity.obj
c:\users\abibov\source\repos\tinyworld\tinyworldcore\x64\release\cylindricalsurface.obj
c:\users\abibov\source\repos\tinyworld\tinyworldcore\x64\release\cube.obj
c:\users\abibov\source\repos\tinyworld\tinyworldcore\x64\release\completeshaderprogram.obj
c:\users\abibov\source\repos\tinyworld\tinyworldcore\x64\release\clouds.obj
c:\users\abibov\source\repos\tinyworld\tinyworldcore\x64\release\buffertexture.obj
c:\users\abibov\source\repos\tinyworld\tinyworldcore\x64\release\buffer.obj
c:\users\abibov\source\repos\tinyworld\tinyworldcore\x64\release\abstractrenderingdevice.obj
c:\users\abibov\source\repos\tinyworld\tinyworldcore\x64\release\abstractrenderableobjectselectionex.obj
c:\users\abibov\source\repos\tinyworld\tinyworldcore\x64\release\abstractrenderableobjectlightex.obj
c:\users\abibov\source\repos\tinyworld\tinyworldcore\x64\release\abstractrenderableobjecthdrbloomex.obj
c:\users\abibov\source\repos\tinyworld\tinyworldcore\x64\release\abstractrenderableobject.obj
c:\users\abibov\source\repos\tinyworld\tinyworldcore\x64\release\abstractprojectingdevice.obj
c:\users\abibov\source\repos\tinyworld\tinyworldcore\x64\release\ssfilter_immediateshader.obj
c:\users\abibov\source\repos\tinyworld\tinyworldcore\x64\release\ssfilter_hdrbloom.obj
c:\users\abibov\source\repos\tinyworld\tinyworldcore\x64\release\ssfilter_blur.obj
c:\users\abibov\source\repos\tinyworld\tinyworldcore\x64\release\ssfilter_atmosphericfog.obj
c:\users\abibov\source\repos\tinyworld\tinyworldcore\x64\release\ssfilter.obj
c:\users\abibov\source\repos\tinyworld\tinyworldcore\x64\release\skydome.obj
c:\users\abibov\source\repos\tinyworld\tinyworldcore\x64\release\sharedbuffer.obj
c:\users\abibov\source\repos\tinyworld\tinyworldcore\x64\release\shaderprogram.obj
c:\users\abibov\source\repos\tinyworld\tinyworldcore\x64\release\shader.obj
c:\users\abibov\source\repos\tinyworld\tinyworldcore\x64\release\separateshaderprogram.obj
c:\users\abibov\source\repos\tinyworld\tinyworldcore\x64\release\screen.obj
c:\users\abibov\source\repos\tinyworld\tinyworldcore\x64\release\pixeltraits.obj
c:\users\abibov\source\repos\tinyworld\tinyworldcore\x64\release\lightingconditions.obj
c:\users\abibov\source\repos\tinyworld\tinyworldcore\x64\release\light.obj
c:\users\abibov\source\repos\tinyworld\tinyworldcore\x64\release\ktxtexture.obj
c:\users\abibov\source\repos\tinyworld\tinyworldcore\x64\release\kpwater.obj
c:\users\abibov\source\repos\tinyworld\tinyworldcore\x64\release\immutabletexturecubemap.obj
c:\users\abibov\source\repos\tinyworld\tinyworldcore\x64\release\immutabletexture3d.obj
c:\users\abibov\source\repos\tinyworld\tinyworldcore\x64\release\immutabletexture2d.obj
c:\users\abibov\source\repos\tinyworld\tinyworldcore\x64\release\immutabletexture1d.obj
c:\users\abibov\source\repos\tinyworld\tinyworldcore\x64\release\transparentbox.obj
c:\users\abibov\source\repos\tinyworld\tinyworldcore\x64\release\textureunitblock.obj
c:\users\abibov\source\repos\tinyworld\tinyworldcore\x64\release\texturesampler.obj
c:\users\abibov\source\repos\tinyworld\tinyworldcore\x64\release\texture.obj
c:\users\abibov\source\repos\tinyworld\tinyworldcore\x64\release\tessellatedterrain.obj
c:\users\abibov\source\repos\tinyworld\tinyworldcore\x64\release\std140uniformbuffer.obj
c:\users\abibov\source\repos\tinyworld\tinyworldcore\x64\release\ssfilter_ssao.obj
c:\users\abibov\source\repos\tinyworld\tinyworldcore\x64\release\ssfilter_lighthaze.obj
c:\users\abibov\source\repos\tinyworld\tinyworldcore\x64\release\tinyworldcore.pdb
c:\users\abibov\source\repos\tinyworld\x64\release\tinyworldcore.lib
c:\users\abibov\source\repos\tinyworld\tinyworldcore\x64\release\tinyworldcore.tlog\cl.command.1.tlog
c:\users\abibov\source\repos\tinyworld\tinyworldcore\x64\release\tinyworldcore.tlog\cl.read.1.tlog
c:\users\abibov\source\repos\tinyworld\tinyworldcore\x64\release\tinyworldcore.tlog\cl.write.1.tlog
c:\users\abibov\source\repos\tinyworld\tinyworldcore\x64\release\tinyworldcore.tlog\lib-link.read.1.tlog
c:\users\abibov\source\repos\tinyworld\tinyworldcore\x64\release\tinyworldcore.tlog\lib-link.write.1.tlog
c:\users\abibov\source\repos\tinyworld\tinyworldcore\x64\release\tinyworldcore.tlog\lib.command.1.tlog
