  AbstractProjectingDevice.cpp
  AbstractRenderableObject.cpp
  AbstractRenderableObjectHDRBloomEx.cpp
  AbstractRenderableObjectLightEx.cpp
  AbstractRenderableObjectSelectionEx.cpp
  AbstractRenderingDevice.cpp
  Buffer.cpp
  BufferTexture.cpp
  Clouds.cpp
  CompleteShaderProgram.cpp
  Cube.cpp
  CylindricalSurface.cpp
  Entity.cpp
  EnvironmentMap.cpp
  ErrorBehavioral.cpp
  FractalNoise.cpp
  Framebuffer.cpp
  FullscreenRectangle.cpp
  ImageUnit.cpp
  ImmutableTexture.cpp
  Compiling...
  ImmutableTexture1D.cpp
  ImmutableTexture2D.cpp
  ImmutableTexture3D.cpp
  ImmutableTextureCubeMap.cpp
  KPWater.cpp
  KTXTexture.cpp
  Light.cpp
  LightingConditions.cpp
  PixelTraits.cpp
  Screen.cpp
  SeparateShaderProgram.cpp
  Shader.cpp
  ShaderProgram.cpp
  SharedBuffer.cpp
  Skydome.cpp
  SSFilter.cpp
  SSFilter_AtmosphericFog.cpp
  SSFilter_Blur.cpp
  SSFilter_HDRBloom.cpp
  SSFilter_ImmediateShader.cpp
  Compiling...
  SSFilter_LightHaze.cpp
  SSFilter_SSAO.cpp
  std140UniformBuffer.cpp
  TessellatedTerrain.cpp
  Texture.cpp
  TextureSampler.cpp
  TextureUnitBlock.cpp
  TransparentBox.cpp
  TinyWorldCore.vcxproj -> D:\Repos\TinyWorld\x64\Release\TinyWorldCore.lib
