c:\users\abibov\source\repos\tinyworld\libswecore\x64\debug\libswecore.pdb
c:\users\abibov\source\repos\tinyworld\libswecore\x64\debug\libswecore.idb
c:\users\abibov\source\repos\tinyworld\libswecore\x64\debug\cudadevicescheduler.obj
c:\users\abibov\source\repos\tinyworld\libswecore\x64\debug\cudaerrorwrapper.obj
c:\users\abibov\source\repos\tinyworld\libswecore\x64\debug\unifiedmemoryblock.obj
c:\users\abibov\source\repos\tinyworld\x64\debug\libswecore.lib
d:\repos\tinyworld\libswecore\x64\debug\saintvenantsystemcore.cu.cache
d:\repos\tinyworld\libswecore\x64\debug\cudadevicescheduler.obj
d:\repos\tinyworld\libswecore\x64\debug\cudaerrorwrapper.obj
d:\repos\tinyworld\libswecore\x64\debug\saintvenantsystemcore.cu.obj
d:\repos\tinyworld\libswecore\x64\debug\unifiedmemoryblock.obj
d:\repos\tinyworld\libswecore\x64\debug\libswecore.idb
d:\repos\tinyworld\libswecore\x64\debug\libswecore.pdb
d:\repos\tinyworld\libswecore\..\x64\debug\libswecore.lib
d:\repos\tinyworld\libswecore\x64\debug\libswecore.tlog\cl.command.1.tlog
d:\repos\tinyworld\libswecore\x64\debug\libswecore.tlog\cl.read.1.tlog
d:\repos\tinyworld\libswecore\x64\debug\libswecore.tlog\cl.write.1.tlog
d:\repos\tinyworld\libswecore\x64\debug\libswecore.tlog\lib-link.read.1.tlog
d:\repos\tinyworld\libswecore\x64\debug\libswecore.tlog\lib-link.write.1.tlog
d:\repos\tinyworld\libswecore\x64\debug\libswecore.tlog\lib.command.1.tlog
