Build started 21.9.2016 0.10.57.
     1>Project "C:\Users\lexer\Source\Repos\TinyWorld\TinyWorldCore\TinyWorldCore.vcxproj" on node 2 (Rebuild target(s)).
     1>ClCompile:
         D:\Programs\Microsoft Visual Studio 12.0\VC\bin\CL.exe /c /Zi /nologo /W3 /WX- /O2 /Oi /Oy- /GL /D WIN32 /D NDEBUG /D _LIB /D _UNICODE /D UNICODE /Gm- /EHsc /MD /GS /Gy /fp:precise /Zc:wchar_t /Zc:forScope /openmp /Fo"Release\\" /Fd"Release\vc120.pdb" /Gd /TP /analyze- /errorReport:prompt ..\TinyWorld\AbstractProjectingDevice.cpp ..\TinyWorld\AbstractRenderableObject.cpp ..\TinyWorld\AbstractRenderableObjectHDRBloomEx.cpp ..\TinyWorld\AbstractRenderableObjectLightEx.cpp ..\TinyWorld\AbstractRenderableObjectSelectionEx.cpp ..\TinyWorld\AbstractRenderingDevice.cpp ..\TinyWorld\Buffer.cpp ..\TinyWorld\BufferTexture.cpp ..\TinyWorld\Clouds.cpp ..\TinyWorld\CompleteShaderProgram.cpp ..\TinyWorld\Cube.cpp ..\TinyWorld\CylindricalSurface.cpp ..\TinyWorld\Entity.cpp ..\TinyWorld\EnvironmentMap.cpp ..\TinyWorld\ErrorBehavioral.cpp ..\TinyWorld\FractalNoise.cpp ..\TinyWorld\Framebuffer.cpp ..\TinyWorld\FullscreenRectangle.cpp ..\TinyWorld\ImageUnit.cpp ..\TinyWorld\ImmutableTexture.cpp ..\TinyWorld\ImmutableTexture1D.cpp ..\TinyWorld\ImmutableTexture2D.cpp ..\TinyWorld\ImmutableTexture3D.cpp ..\TinyWorld\ImmutableTextureCubeMap.cpp ..\TinyWorld\KPWater.cpp ..\TinyWorld\KTXTexture.cpp ..\TinyWorld\Light.cpp ..\TinyWorld\LightingConditions.cpp ..\TinyWorld\PixelTraits.cpp ..\TinyWorld\Screen.cpp ..\TinyWorld\SeparateShaderProgram.cpp ..\TinyWorld\Shader.cpp ..\TinyWorld\ShaderProgram.cpp ..\TinyWorld\SharedBuffer.cpp ..\TinyWorld\Skydome.cpp ..\TinyWorld\SSFilter.cpp ..\TinyWorld\SSFilter_AtmosphericFog.cpp ..\TinyWorld\SSFilter_Blur.cpp ..\TinyWorld\SSFilter_HDRBloom.cpp ..\TinyWorld\SSFilter_ImmediateShader.cpp ..\TinyWorld\SSFilter_LightHaze.cpp ..\TinyWorld\SSFilter_SSAO.cpp ..\TinyWorld\std140UniformBuffer.cpp ..\TinyWorld\TessellatedTerrain.cpp ..\TinyWorld\Texture.cpp ..\TinyWorld\TextureSampler.cpp ..\TinyWorld\TextureUnitBlock.cpp ..\TinyWorld\TransparentBox.cpp
         AbstractProjectingDevice.cpp
         AbstractRenderableObject.cpp
         AbstractRenderableObjectHDRBloomEx.cpp
         AbstractRenderableObjectLightEx.cpp
         AbstractRenderableObjectSelectionEx.cpp
         AbstractRenderingDevice.cpp
         Buffer.cpp
         BufferTexture.cpp
         Clouds.cpp
         CompleteShaderProgram.cpp
         Cube.cpp
         CylindricalSurface.cpp
         Entity.cpp
         EnvironmentMap.cpp
         ErrorBehavioral.cpp
         FractalNoise.cpp
         Framebuffer.cpp
         FullscreenRectangle.cpp
         ImageUnit.cpp
         ImmutableTexture.cpp
         Compiling...
         ImmutableTexture1D.cpp
         ImmutableTexture2D.cpp
         ImmutableTexture3D.cpp
         ImmutableTextureCubeMap.cpp
         KPWater.cpp
         KTXTexture.cpp
     1>..\TinyWorld\KTXTexture.cpp(49): warning C4309: 'initializing' : truncation of constant value
         Light.cpp
         LightingConditions.cpp
         PixelTraits.cpp
         Screen.cpp
         SeparateShaderProgram.cpp
         Shader.cpp
         ShaderProgram.cpp
         SharedBuffer.cpp
         Skydome.cpp
         SSFilter.cpp
         SSFilter_AtmosphericFog.cpp
         SSFilter_Blur.cpp
         SSFilter_HDRBloom.cpp
         SSFilter_ImmediateShader.cpp
         Compiling...
         SSFilter_LightHaze.cpp
         SSFilter_SSAO.cpp
         std140UniformBuffer.cpp
         TessellatedTerrain.cpp
     1>..\TinyWorld\TessellatedTerrain.cpp(677): warning C4244: 'initializing' : conversion from 'unsigned __int64' to 'unsigned int', possible loss of data
         Texture.cpp
         TextureSampler.cpp
         TextureUnitBlock.cpp
         TransparentBox.cpp
       Lib:
         D:\Programs\Microsoft Visual Studio 12.0\VC\bin\Lib.exe /OUT:"C:\Users\lexer\Source\Repos\TinyWorld\Release\TinyWorldCore.lib" glew32s.lib glfw3.lib opengl32.lib /NOLOGO /LTCG Release\AbstractProjectingDevice.obj
         Release\AbstractRenderableObject.obj
         Release\AbstractRenderableObjectHDRBloomEx.obj
         Release\AbstractRenderableObjectLightEx.obj
         Release\AbstractRenderableObjectSelectionEx.obj
         Release\AbstractRenderingDevice.obj
         Release\Buffer.obj
         Release\BufferTexture.obj
         Release\Clouds.obj
         Release\CompleteShaderProgram.obj
         Release\Cube.obj
         Release\CylindricalSurface.obj
         Release\Entity.obj
         Release\EnvironmentMap.obj
         Release\ErrorBehavioral.obj
         Release\FractalNoise.obj
         Release\Framebuffer.obj
         Release\FullscreenRectangle.obj
         Release\ImageUnit.obj
         Release\ImmutableTexture.obj
         Release\ImmutableTexture1D.obj
         Release\ImmutableTexture2D.obj
         Release\ImmutableTexture3D.obj
         Release\ImmutableTextureCubeMap.obj
         Release\KPWater.obj
         Release\KTXTexture.obj
         Release\Light.obj
         Release\LightingConditions.obj
         Release\PixelTraits.obj
         Release\Screen.obj
         Release\SeparateShaderProgram.obj
         Release\Shader.obj
         Release\ShaderProgram.obj
         Release\SharedBuffer.obj
         Release\Skydome.obj
         Release\SSFilter.obj
         Release\SSFilter_AtmosphericFog.obj
         Release\SSFilter_Blur.obj
         Release\SSFilter_HDRBloom.obj
         Release\SSFilter_ImmediateShader.obj
         Release\SSFilter_LightHaze.obj
         Release\SSFilter_SSAO.obj
         Release\std140UniformBuffer.obj
         Release\TessellatedTerrain.obj
         Release\Texture.obj
         Release\TextureSampler.obj
         Release\TextureUnitBlock.obj
         Release\TransparentBox.obj
         TinyWorldCore.vcxproj -> C:\Users\lexer\Source\Repos\TinyWorld\Release\TinyWorldCore.lib
     1>Done Building Project "C:\Users\lexer\Source\Repos\TinyWorld\TinyWorldCore\TinyWorldCore.vcxproj" (Rebuild target(s)).

Build succeeded.

Time Elapsed 00:00:34.65
