c:\users\lexer\source\repos\tinyworld\tinyworldcore\release\vc120.pdb
c:\users\lexer\source\repos\tinyworld\tinyworldcore\release\immutabletexture.obj
c:\users\lexer\source\repos\tinyworld\tinyworldcore\release\imageunit.obj
c:\users\lexer\source\repos\tinyworld\tinyworldcore\release\fullscreenrectangle.obj
c:\users\lexer\source\repos\tinyworld\tinyworldcore\release\framebuffer.obj
c:\users\lexer\source\repos\tinyworld\tinyworldcore\release\fractalnoise.obj
c:\users\lexer\source\repos\tinyworld\tinyworldcore\release\errorbehavioral.obj
c:\users\lexer\source\repos\tinyworld\tinyworldcore\release\environmentmap.obj
c:\users\lexer\source\repos\tinyworld\tinyworldcore\release\entity.obj
c:\users\lexer\source\repos\tinyworld\tinyworldcore\release\cylindricalsurface.obj
c:\users\lexer\source\repos\tinyworld\tinyworldcore\release\cube.obj
c:\users\lexer\source\repos\tinyworld\tinyworldcore\release\completeshaderprogram.obj
c:\users\lexer\source\repos\tinyworld\tinyworldcore\release\clouds.obj
c:\users\lexer\source\repos\tinyworld\tinyworldcore\release\buffertexture.obj
c:\users\lexer\source\repos\tinyworld\tinyworldcore\release\buffer.obj
c:\users\lexer\source\repos\tinyworld\tinyworldcore\release\abstractrenderingdevice.obj
c:\users\lexer\source\repos\tinyworld\tinyworldcore\release\abstractrenderableobjectselectionex.obj
c:\users\lexer\source\repos\tinyworld\tinyworldcore\release\abstractrenderableobjectlightex.obj
c:\users\lexer\source\repos\tinyworld\tinyworldcore\release\abstractrenderableobjecthdrbloomex.obj
c:\users\lexer\source\repos\tinyworld\tinyworldcore\release\abstractrenderableobject.obj
c:\users\lexer\source\repos\tinyworld\tinyworldcore\release\abstractprojectingdevice.obj
c:\users\lexer\source\repos\tinyworld\tinyworldcore\release\ssfilter_immediateshader.obj
c:\users\lexer\source\repos\tinyworld\tinyworldcore\release\ssfilter_hdrbloom.obj
c:\users\lexer\source\repos\tinyworld\tinyworldcore\release\ssfilter_blur.obj
c:\users\lexer\source\repos\tinyworld\tinyworldcore\release\ssfilter_atmosphericfog.obj
c:\users\lexer\source\repos\tinyworld\tinyworldcore\release\ssfilter.obj
c:\users\lexer\source\repos\tinyworld\tinyworldcore\release\skydome.obj
c:\users\lexer\source\repos\tinyworld\tinyworldcore\release\sharedbuffer.obj
c:\users\lexer\source\repos\tinyworld\tinyworldcore\release\shaderprogram.obj
c:\users\lexer\source\repos\tinyworld\tinyworldcore\release\shader.obj
c:\users\lexer\source\repos\tinyworld\tinyworldcore\release\separateshaderprogram.obj
c:\users\lexer\source\repos\tinyworld\tinyworldcore\release\screen.obj
c:\users\lexer\source\repos\tinyworld\tinyworldcore\release\pixeltraits.obj
c:\users\lexer\source\repos\tinyworld\tinyworldcore\release\lightingconditions.obj
c:\users\lexer\source\repos\tinyworld\tinyworldcore\release\light.obj
c:\users\lexer\source\repos\tinyworld\tinyworldcore\release\ktxtexture.obj
c:\users\lexer\source\repos\tinyworld\tinyworldcore\release\kpwater.obj
c:\users\lexer\source\repos\tinyworld\tinyworldcore\release\immutabletexturecubemap.obj
c:\users\lexer\source\repos\tinyworld\tinyworldcore\release\immutabletexture3d.obj
c:\users\lexer\source\repos\tinyworld\tinyworldcore\release\immutabletexture2d.obj
c:\users\lexer\source\repos\tinyworld\tinyworldcore\release\immutabletexture1d.obj
c:\users\lexer\source\repos\tinyworld\tinyworldcore\release\transparentbox.obj
c:\users\lexer\source\repos\tinyworld\tinyworldcore\release\textureunitblock.obj
c:\users\lexer\source\repos\tinyworld\tinyworldcore\release\texturesampler.obj
c:\users\lexer\source\repos\tinyworld\tinyworldcore\release\texture.obj
c:\users\lexer\source\repos\tinyworld\tinyworldcore\release\tessellatedterrain.obj
c:\users\lexer\source\repos\tinyworld\tinyworldcore\release\std140uniformbuffer.obj
c:\users\lexer\source\repos\tinyworld\tinyworldcore\release\ssfilter_ssao.obj
c:\users\lexer\source\repos\tinyworld\tinyworldcore\release\ssfilter_lighthaze.obj
c:\users\lexer\source\repos\tinyworld\release\tinyworldcore.lib
c:\users\lexer\source\repos\tinyworld\tinyworldcore\release\tinyworldcore.tlog\cl.command.1.tlog
c:\users\lexer\source\repos\tinyworld\tinyworldcore\release\tinyworldcore.tlog\cl.read.1.tlog
c:\users\lexer\source\repos\tinyworld\tinyworldcore\release\tinyworldcore.tlog\cl.write.1.tlog
c:\users\lexer\source\repos\tinyworld\tinyworldcore\release\tinyworldcore.tlog\lib-link.read.1.tlog
c:\users\lexer\source\repos\tinyworld\tinyworldcore\release\tinyworldcore.tlog\lib-link.write.1.tlog
c:\users\lexer\source\repos\tinyworld\tinyworldcore\release\tinyworldcore.tlog\lib.command.1.tlog
