Build started 21.9.2016 0.18.30.
     1>Project "C:\Users\lexer\Source\Repos\TinyWorld\libswecore\libswecore.vcxproj" on node 2 (Rebuild target(s)).
     1>CudaClean:
         cmd.exe /C "C:\Users\lexer\AppData\Local\Temp\tmpc2d68d7f38e943edb08ba471b77908e8.cmd"
         "C:\Program Files\NVIDIA GPU Computing Toolkit\CUDA\v8.0\bin\nvcc.exe" -ccbin "D:\Programs\Microsoft Visual Studio 12.0\VC\bin\x86_amd64"  -I"C:\Program Files\NVIDIA GPU Computing Toolkit\CUDA\v8.0\include" -I"C:\Program Files\NVIDIA GPU Computing Toolkit\CUDA\v8.0\include"     --keep-dir x64\Release -maxrregcount=0  --machine 64 --compile  -Xcompiler "/openmp"     -DWIN32 -DWIN64 -DNDEBUG -D_CONSOLE -D_MBCS -Xcompiler "/EHsc /W3 /nologo /O2 /Zi  /MD " -o x64\Release\SaintVenantSystemCore.cu.obj "C:\Users\lexer\Source\Repos\TinyWorld\TinyWorld\KPWater_CUDA\SaintVenantSystemCore.cu" -clean
         
         C:\Users\lexer\Source\Repos\TinyWorld\libswecore>"C:\Program Files\NVIDIA GPU Computing Toolkit\CUDA\v8.0\bin\nvcc.exe" -ccbin "D:\Programs\Microsoft Visual Studio 12.0\VC\bin\x86_amd64"  -I"C:\Program Files\NVIDIA GPU Computing Toolkit\CUDA\v8.0\include" -I"C:\Program Files\NVIDIA GPU Computing Toolkit\CUDA\v8.0\include"     --keep-dir x64\Release -maxrregcount=0  --machine 64 --compile  -Xcompiler "/openmp"     -DWIN32 -DWIN64 -DNDEBUG -D_CONSOLE -D_MBCS -Xcompiler "/EHsc /W3 /nologo /O2 /Zi  /MD " -o x64\Release\SaintVenantSystemCore.cu.obj "C:\Users\lexer\Source\Repos\TinyWorld\TinyWorld\KPWater_CUDA\SaintVenantSystemCore.cu" -clean 
         SaintVenantSystemCore.cu
       AddCudaCompileDeps:
         D:\Programs\Microsoft Visual Studio 12.0\VC\bin\x86_amd64\cl.exe /E /nologo /showIncludes /TP /D__CUDACC__ /DWIN32 /DWIN64 /DNDEBUG /D_CONSOLE /D_MBCS /I"C:\Program Files\NVIDIA GPU Computing Toolkit\CUDA\v8.0\include" /I"C:\Program Files\NVIDIA GPU Computing Toolkit\CUDA\v8.0\bin" /I"C:\Program Files\NVIDIA GPU Computing Toolkit\CUDA\v8.0\include" /I. /FIcuda_runtime.h /c C:\Users\lexer\Source\Repos\TinyWorld\TinyWorld\KPWater_CUDA\SaintVenantSystemCore.cu 
       CudaBuild:
         Compiling CUDA source file ..\TinyWorld\KPWater_CUDA\SaintVenantSystemCore.cu...
         cmd.exe /C "C:\Users\lexer\AppData\Local\Temp\tmpf702094060cf45daad6d8457fc858b2d.cmd"
         "C:\Program Files\NVIDIA GPU Computing Toolkit\CUDA\v8.0\bin\nvcc.exe" -gencode=arch=compute_20,code=\"sm_20,compute_20\" -gencode=arch=compute_30,code=\"sm_30,compute_30\" -gencode=arch=compute_35,code=\"sm_35,compute_35\" -gencode=arch=compute_50,code=\"sm_50,compute_50\" --use-local-env --cl-version 2013 -ccbin "D:\Programs\Microsoft Visual Studio 12.0\VC\bin\x86_amd64"  -I"C:\Program Files\NVIDIA GPU Computing Toolkit\CUDA\v8.0\include" -I"C:\Program Files\NVIDIA GPU Computing Toolkit\CUDA\v8.0\include"     --keep-dir x64\Release -maxrregcount=0  --machine 64 --compile -cudart static -Xcompiler "/openmp"     -DWIN32 -DWIN64 -DNDEBUG -D_CONSOLE -D_MBCS -Xcompiler "/EHsc /W3 /nologo /O2 /Zi  /MD " -o x64\Release\SaintVenantSystemCore.cu.obj "C:\Users\lexer\Source\Repos\TinyWorld\TinyWorld\KPWater_CUDA\SaintVenantSystemCore.cu"
         
         C:\Users\lexer\Source\Repos\TinyWorld\libswecore>"C:\Program Files\NVIDIA GPU Computing Toolkit\CUDA\v8.0\bin\nvcc.exe" -gencode=arch=compute_20,code=\"sm_20,compute_20\" -gencode=arch=compute_30,code=\"sm_30,compute_30\" -gencode=arch=compute_35,code=\"sm_35,compute_35\" -gencode=arch=compute_50,code=\"sm_50,compute_50\" --use-local-env --cl-version 2013 -ccbin "D:\Programs\Microsoft Visual Studio 12.0\VC\bin\x86_amd64"  -I"C:\Program Files\NVIDIA GPU Computing Toolkit\CUDA\v8.0\include" -I"C:\Program Files\NVIDIA GPU Computing Toolkit\CUDA\v8.0\include"     --keep-dir x64\Release -maxrregcount=0  --machine 64 --compile -cudart static -Xcompiler "/openmp"     -DWIN32 -DWIN64 -DNDEBUG -D_CONSOLE -D_MBCS -Xcompiler "/EHsc /W3 /nologo /O2 /Zi  /MD " -o x64\Release\SaintVenantSystemCore.cu.obj "C:\Users\lexer\Source\Repos\TinyWorld\TinyWorld\KPWater_CUDA\SaintVenantSystemCore.cu" 
         SaintVenantSystemCore.cu
       ClCompile:
         D:\Programs\Microsoft Visual Studio 12.0\VC\bin\x86_amd64\CL.exe /c /I"C:\Program Files\NVIDIA GPU Computing Toolkit\CUDA\v8.0\include" /Zi /nologo /W3 /WX- /O2 /Oi /GL /D WIN32 /D WIN64 /D NDEBUG /D _CONSOLE /D _MBCS /Gm- /EHsc /MD /GS /Gy /fp:precise /Zc:wchar_t /Zc:forScope /openmp /Fo"x64\Release\\" /Fd"x64\Release\vc120.pdb" /Gd /TP /errorReport:prompt ..\TinyWorld\KPWater_CUDA\CudaDeviceScheduler.cpp ..\TinyWorld\KPWater_CUDA\CudaErrorWrapper.cpp ..\TinyWorld\KPWater_CUDA\UnifiedMemoryBlock.cpp
         CudaDeviceScheduler.cpp
         CudaErrorWrapper.cpp
         UnifiedMemoryBlock.cpp
       Lib:
         D:\Programs\Microsoft Visual Studio 12.0\VC\bin\x86_amd64\Lib.exe /OUT:"..\x64\Release\libswecore.lib" /NOLOGO /MACHINE:X64 /LTCG x64\Release\SaintVenantSystemCore.cu.obj
         x64\Release\CudaDeviceScheduler.obj
         x64\Release\CudaErrorWrapper.obj
         x64\Release\UnifiedMemoryBlock.obj
         libswecore.vcxproj -> C:\Users\lexer\Source\Repos\TinyWorld\libswecore\..\x64\Release\libswecore.lib
       PostBuildEvent:
         echo copy "C:\Program Files\NVIDIA GPU Computing Toolkit\CUDA\v8.0\bin\cudart*.dll" "..\x64\Release\"
         copy "C:\Program Files\NVIDIA GPU Computing Toolkit\CUDA\v8.0\bin\cudart*.dll" "..\x64\Release\"
         :VCEnd
         copy "C:\Program Files\NVIDIA GPU Computing Toolkit\CUDA\v8.0\bin\cudart*.dll" "..\x64\Release\"
         C:\Program Files\NVIDIA GPU Computing Toolkit\CUDA\v8.0\bin\cudart32_80.dll
         C:\Program Files\NVIDIA GPU Computing Toolkit\CUDA\v8.0\bin\cudart64_80.dll
                 2 file(s) copied.
     1>Done Building Project "C:\Users\lexer\Source\Repos\TinyWorld\libswecore\libswecore.vcxproj" (Rebuild target(s)).

Build succeeded.

Time Elapsed 00:00:15.66
