TinyWorldCore.lib(ImmutableTexture.obj) : warning LNK4049: locally defined symbol __glewFramebufferTexture imported
TinyWorldCore.lib(BufferTexture.obj) : warning LNK4049: locally defined symbol __glewFramebufferTexture imported
TinyWorldCore.lib(ImmutableTextureCubeMap.obj) : warning LNK4049: locally defined symbol __glewCopyImageSubData imported
TinyWorldCore.lib(ImmutableTexture.obj) : warning LNK4049: locally defined symbol __glewCopyImageSubData imported
TinyWorldCore.lib(ImmutableTexture1D.obj) : warning LNK4049: locally defined symbol __glewCopyImageSubData imported
TinyWorldCore.lib(ImmutableTexture2D.obj) : warning LNK4049: locally defined symbol __glewCopyImageSubData imported
TinyWorldCore.lib(ImmutableTexture3D.obj) : warning LNK4049: locally defined symbol __glewCopyImageSubData imported
TinyWorldCore.lib(ImmutableTexture.obj) : warning LNK4049: locally defined symbol __glewFramebufferTextureLayer imported
TinyWorldCore.lib(ImmutableTexture.obj) : warning LNK4049: locally defined symbol __glewGenerateMipmap imported
TinyWorldCore.lib(ImmutableTexture.obj) : warning LNK4049: locally defined symbol __glewGetInternalformativ imported
TinyWorldCore.lib(ImmutableTexture.obj) : warning LNK4049: locally defined symbol __glewBindImageTexture imported
TinyWorldCore.lib(BufferTexture.obj) : warning LNK4049: locally defined symbol __glewBindImageTexture imported
TinyWorldCore.lib(ImmutableTexture1D.obj) : warning LNK4049: locally defined symbol __glewCompressedTexSubImage1D imported
TinyWorldCore.lib(ImmutableTexture1D.obj) : warning LNK4049: locally defined symbol __glewCompressedTexSubImage2D imported
TinyWorldCore.lib(ImmutableTexture2D.obj) : warning LNK4049: locally defined symbol __glewCompressedTexSubImage2D imported
TinyWorldCore.lib(ImmutableTextureCubeMap.obj) : warning LNK4049: locally defined symbol __glewCompressedTexSubImage2D imported
TinyWorldCore.lib(ImmutableTexture1D.obj) : warning LNK4049: locally defined symbol __glewGetCompressedTexImage imported
TinyWorldCore.lib(ImmutableTexture2D.obj) : warning LNK4049: locally defined symbol __glewGetCompressedTexImage imported
TinyWorldCore.lib(ImmutableTexture3D.obj) : warning LNK4049: locally defined symbol __glewGetCompressedTexImage imported
TinyWorldCore.lib(ImmutableTextureCubeMap.obj) : warning LNK4049: locally defined symbol __glewGetCompressedTexImage imported
TinyWorldCore.lib(ImmutableTexture1D.obj) : warning LNK4049: locally defined symbol __glewTexStorage1D imported
TinyWorldCore.lib(ImmutableTexture1D.obj) : warning LNK4049: locally defined symbol __glewTexStorage2D imported
TinyWorldCore.lib(ImmutableTexture2D.obj) : warning LNK4049: locally defined symbol __glewTexStorage2D imported
TinyWorldCore.lib(ImmutableTextureCubeMap.obj) : warning LNK4049: locally defined symbol __glewTexStorage2D imported
TinyWorldCore.lib(ImmutableTexture2D.obj) : warning LNK4049: locally defined symbol __glewTexSubImage3D imported
TinyWorldCore.lib(ImmutableTexture3D.obj) : warning LNK4049: locally defined symbol __glewTexSubImage3D imported
TinyWorldCore.lib(ImmutableTextureCubeMap.obj) : warning LNK4049: locally defined symbol __glewTexSubImage3D imported
TinyWorldCore.lib(ImmutableTexture2D.obj) : warning LNK4049: locally defined symbol __glewCompressedTexSubImage3D imported
TinyWorldCore.lib(ImmutableTexture3D.obj) : warning LNK4049: locally defined symbol __glewCompressedTexSubImage3D imported
TinyWorldCore.lib(ImmutableTextureCubeMap.obj) : warning LNK4049: locally defined symbol __glewCompressedTexSubImage3D imported
TinyWorldCore.lib(ImmutableTexture2D.obj) : warning LNK4049: locally defined symbol __glewTexStorage3D imported
TinyWorldCore.lib(ImmutableTexture3D.obj) : warning LNK4049: locally defined symbol __glewTexStorage3D imported
TinyWorldCore.lib(ImmutableTextureCubeMap.obj) : warning LNK4049: locally defined symbol __glewTexStorage3D imported
TinyWorldCore.lib(AbstractRenderingDevice.obj) : warning LNK4049: locally defined symbol __glewCopyTexSubImage3D imported
TinyWorldCore.lib(AbstractRenderingDevice.obj) : warning LNK4049: locally defined symbol __glewBlendColor imported
TinyWorldCore.lib(AbstractRenderingDevice.obj) : warning LNK4049: locally defined symbol __glewBlendFuncSeparate imported
TinyWorldCore.lib(AbstractRenderingDevice.obj) : warning LNK4049: locally defined symbol __glewBlendEquationSeparate imported
TinyWorldCore.lib(AbstractRenderingDevice.obj) : warning LNK4049: locally defined symbol __glewStencilFuncSeparate imported
TinyWorldCore.lib(AbstractRenderingDevice.obj) : warning LNK4049: locally defined symbol __glewStencilMaskSeparate imported
TinyWorldCore.lib(AbstractRenderingDevice.obj) : warning LNK4049: locally defined symbol __glewStencilOpSeparate imported
TinyWorldCore.lib(AbstractRenderingDevice.obj) : warning LNK4049: locally defined symbol __glewPrimitiveRestartIndex imported
TinyWorldCore.lib(AbstractRenderingDevice.obj) : warning LNK4049: locally defined symbol __glewBindFramebuffer imported
TinyWorldCore.lib(Framebuffer.obj) : warning LNK4049: locally defined symbol __glewBindFramebuffer imported
TinyWorldCore.lib(AbstractRenderingDevice.obj) : warning LNK4049: locally defined symbol __glewScissorIndexed imported
TinyWorldCore.lib(AbstractRenderingDevice.obj) : warning LNK4049: locally defined symbol __glewViewportIndexedf imported
TinyWorldCore.lib(Framebuffer.obj) : warning LNK4049: locally defined symbol __glewDrawBuffers imported
TinyWorldCore.lib(Framebuffer.obj) : warning LNK4049: locally defined symbol __glewColorMaski imported
TinyWorldCore.lib(Framebuffer.obj) : warning LNK4049: locally defined symbol __glewBlendEquationSeparatei imported
TinyWorldCore.lib(Framebuffer.obj) : warning LNK4049: locally defined symbol __glewBlendFuncSeparatei imported
TinyWorldCore.lib(Framebuffer.obj) : warning LNK4049: locally defined symbol __glewCheckFramebufferStatus imported
TinyWorldCore.lib(Framebuffer.obj) : warning LNK4049: locally defined symbol __glewDeleteFramebuffers imported
TinyWorldCore.lib(Framebuffer.obj) : warning LNK4049: locally defined symbol __glewGenFramebuffers imported
TinyWorldCore.lib(Shader.obj) : warning LNK4049: locally defined symbol __glewCompileShader imported
TinyWorldCore.lib(Shader.obj) : warning LNK4049: locally defined symbol __glewCreateShader imported
TinyWorldCore.lib(Shader.obj) : warning LNK4049: locally defined symbol __glewDeleteShader imported
TinyWorldCore.lib(Shader.obj) : warning LNK4049: locally defined symbol __glewGetShaderInfoLog imported
TinyWorldCore.lib(Shader.obj) : warning LNK4049: locally defined symbol __glewGetShaderiv imported
TinyWorldCore.lib(Shader.obj) : warning LNK4049: locally defined symbol __glewShaderSource imported
TinyWorldCore.lib(ShaderProgram.obj) : warning LNK4049: locally defined symbol __glewAttachShader imported
TinyWorldCore.lib(ShaderProgram.obj) : warning LNK4049: locally defined symbol __glewBindAttribLocation imported
TinyWorldCore.lib(ShaderProgram.obj) : warning LNK4049: locally defined symbol __glewCreateProgram imported
TinyWorldCore.lib(ShaderProgram.obj) : warning LNK4049: locally defined symbol __glewDeleteProgram imported
TinyWorldCore.lib(ShaderProgram.obj) : warning LNK4049: locally defined symbol __glewDetachShader imported
TinyWorldCore.lib(ShaderProgram.obj) : warning LNK4049: locally defined symbol __glewGetProgramInfoLog imported
TinyWorldCore.lib(ShaderProgram.obj) : warning LNK4049: locally defined symbol __glewGetProgramiv imported
TinyWorldCore.lib(ShaderProgram.obj) : warning LNK4049: locally defined symbol __glewLinkProgram imported
TinyWorldCore.lib(ShaderProgram.obj) : warning LNK4049: locally defined symbol __glewUseProgram imported
TinyWorldCore.lib(CompleteShaderProgram.obj) : warning LNK4049: locally defined symbol __glewUseProgram imported
TinyWorldCore.lib(SeparateShaderProgram.obj) : warning LNK4049: locally defined symbol __glewUseProgram imported
TinyWorldCore.lib(ShaderProgram.obj) : warning LNK4049: locally defined symbol __glewGetProgramBinary imported
TinyWorldCore.lib(ShaderProgram.obj) : warning LNK4049: locally defined symbol __glewProgramBinary imported
TinyWorldCore.lib(ShaderProgram.obj) : warning LNK4049: locally defined symbol __glewProgramParameteri imported
TinyWorldCore.lib(SeparateShaderProgram.obj) : warning LNK4049: locally defined symbol __glewProgramParameteri imported
TinyWorldCore.lib(ShaderProgram.obj) : warning LNK4049: locally defined symbol __glewGetProgramResourceIndex imported
TinyWorldCore.lib(ShaderProgram.obj) : warning LNK4049: locally defined symbol __glewGetProgramResourceiv imported
TinyWorldCore.lib(ShaderProgram.obj) : warning LNK4049: locally defined symbol __glewGetProgramStageiv imported
TinyWorldCore.lib(ShaderProgram.obj) : warning LNK4049: locally defined symbol __glewGetSubroutineIndex imported
TinyWorldCore.lib(ShaderProgram.obj) : warning LNK4049: locally defined symbol __glewGetSubroutineUniformLocation imported
TinyWorldCore.lib(ShaderProgram.obj) : warning LNK4049: locally defined symbol __glewUniformSubroutinesuiv imported
TinyWorldCore.lib(ShaderProgram.obj) : warning LNK4049: locally defined symbol __glewUniformBlockBinding imported
TinyWorldCore.lib(TextureUnitBlock.obj) : warning LNK4049: locally defined symbol __glewActiveTexture imported
TinyWorldCore.lib(TextureSampler.obj) : warning LNK4049: locally defined symbol __glewActiveTexture imported
TinyWorldCore.lib(FullscreenRectangle.obj) : warning LNK4049: locally defined symbol __glewBindBuffer imported
TinyWorldCore.lib(TransparentBox.obj) : warning LNK4049: locally defined symbol __glewBindBuffer imported
TinyWorldCore.lib(Buffer.obj) : warning LNK4049: locally defined symbol __glewBindBuffer imported
TinyWorldCore.lib(FullscreenRectangle.obj) : warning LNK4049: locally defined symbol __glewBufferData imported
TinyWorldCore.lib(TransparentBox.obj) : warning LNK4217: locally defined symbol __glewBufferData imported in function "class std::_List_unchecked_iterator<class std::_List_val<struct std::_List_simple_types<class tiny_world::DirectionalLight const *> > > __cdecl std::_Find_if_unchecked<class std::_List_unchecked_iterator<class std::_List_val<struct std::_List_simple_types<class tiny_world::DirectionalLight const *> > >,class <lambda_34715cf5f14d13a2e1f4517aaac059dd> >(class std::_List_unchecked_iterator<class std::_List_val<struct std::_List_simple_types<class tiny_world::DirectionalLight const *> > >,class std::_List_unchecked_iterator<class std::_List_val<struct std::_List_simple_types<class tiny_world::DirectionalLight const *> > >,class <lambda_34715cf5f14d13a2e1f4517aaac059dd> &)" (??$_Find_if_unchecked@V?$_List_unchecked_iterator@V?$_List_val@U?$_List_simple_types@PEBVDirectionalLight@tiny_world@@@std@@@std@@@std@@V<lambda_34715cf5f14d13a2e1f4517aaac059dd>@@@std@@YA?AV?$_List_unchecked_iterator@V?$_List_val@U?$_List_simple_types@PEBVDirectionalLight@tiny_world@@@std@@@std@@@0@V10@0AEAV<lambda_34715cf5f14d13a2e1f4517aaac059dd>@@@Z)
TinyWorldCore.lib(Buffer.obj) : warning LNK4049: locally defined symbol __glewBufferData imported
TinyWorldCore.lib(FullscreenRectangle.obj) : warning LNK4049: locally defined symbol __glewBufferSubData imported
TinyWorldCore.lib(TransparentBox.obj) : warning LNK4217: locally defined symbol __glewBufferSubData imported in function "public: void __cdecl std::list<class tiny_world::DirectionalLight const *,class std::allocator<class tiny_world::DirectionalLight const *> >::_Insert<class tiny_world::DirectionalLight const * const &>(class std::_List_unchecked_const_iterator<class std::_List_val<struct std::_List_simple_types<class tiny_world::DirectionalLight const *> >,struct std::_Iterator_base0>,class tiny_world::DirectionalLight const * const &)" (??$_Insert@AEBQEBVDirectionalLight@tiny_world@@@?$list@PEBVDirectionalLight@tiny_world@@V?$allocator@PEBVDirectionalLight@tiny_world@@@std@@@std@@QEAAXV?$_List_unchecked_const_iterator@V?$_List_val@U?$_List_simple_types@PEBVDirectionalLight@tiny_world@@@std@@@std@@U_Iterator_base0@2@@1@AEBQEBVDirectionalLight@tiny_world@@@Z)
TinyWorldCore.lib(Buffer.obj) : warning LNK4049: locally defined symbol __glewBufferSubData imported
TinyWorldCore.lib(FullscreenRectangle.obj) : warning LNK4049: locally defined symbol __glewDeleteBuffers imported
TinyWorldCore.lib(TransparentBox.obj) : warning LNK4049: locally defined symbol __glewDeleteBuffers imported
TinyWorldCore.lib(Buffer.obj) : warning LNK4049: locally defined symbol __glewDeleteBuffers imported
TinyWorldCore.lib(FullscreenRectangle.obj) : warning LNK4049: locally defined symbol __glewGenBuffers imported
TinyWorldCore.lib(TransparentBox.obj) : warning LNK4049: locally defined symbol __glewGenBuffers imported
TinyWorldCore.lib(Buffer.obj) : warning LNK4049: locally defined symbol __glewGenBuffers imported
TinyWorldCore.lib(FullscreenRectangle.obj) : warning LNK4049: locally defined symbol __glewEnableVertexAttribArray imported
TinyWorldCore.lib(TransparentBox.obj) : warning LNK4049: locally defined symbol __glewEnableVertexAttribArray imported
TinyWorldCore.lib(FullscreenRectangle.obj) : warning LNK4049: locally defined symbol __glewGetUniformLocation imported
TinyWorldCore.lib(SSFilter_HDRBloom.obj) : warning LNK4049: locally defined symbol __glewGetUniformLocation imported
TinyWorldCore.lib(AbstractRenderableObjectHDRBloomEx.obj) : warning LNK4049: locally defined symbol __glewGetUniformLocation imported
TinyWorldCore.lib(TransparentBox.obj) : warning LNK4217: locally defined symbol __glewGetUniformLocation imported in function "class std::_List_unchecked_iterator<class std::_List_val<struct std::_List_simple_types<class tiny_world::DirectionalLight const *> > > __cdecl std::_Find_if_unchecked<class std::_List_unchecked_iterator<class std::_List_val<struct std::_List_simple_types<class tiny_world::DirectionalLight const *> > >,class <lambda_34715cf5f14d13a2e1f4517aaac059dd> >(class std::_List_unchecked_iterator<class std::_List_val<struct std::_List_simple_types<class tiny_world::DirectionalLight const *> > >,class std::_List_unchecked_iterator<class std::_List_val<struct std::_List_simple_types<class tiny_world::DirectionalLight const *> > >,class <lambda_34715cf5f14d13a2e1f4517aaac059dd> &)" (??$_Find_if_unchecked@V?$_List_unchecked_iterator@V?$_List_val@U?$_List_simple_types@PEBVDirectionalLight@tiny_world@@@std@@@std@@@std@@V<lambda_34715cf5f14d13a2e1f4517aaac059dd>@@@std@@YA?AV?$_List_unchecked_iterator@V?$_List_val@U?$_List_simple_types@PEBVDirectionalLight@tiny_world@@@std@@@std@@@0@V10@0AEAV<lambda_34715cf5f14d13a2e1f4517aaac059dd>@@@Z)
TinyWorldCore.lib(FullscreenRectangle.obj) : warning LNK4049: locally defined symbol __glewUniform1iv imported
TinyWorldCore.lib(SSFilter_HDRBloom.obj) : warning LNK4049: locally defined symbol __glewUniform1iv imported
TinyWorldCore.lib(AbstractRenderableObjectHDRBloomEx.obj) : warning LNK4049: locally defined symbol __glewUniform1iv imported
TinyWorldCore.lib(TransparentBox.obj) : warning LNK4217: locally defined symbol __glewUniform1iv imported in function "class std::_List_unchecked_iterator<class std::_List_val<struct std::_List_simple_types<class tiny_world::DirectionalLight const *> > > __cdecl std::_Find_if_unchecked<class std::_List_unchecked_iterator<class std::_List_val<struct std::_List_simple_types<class tiny_world::DirectionalLight const *> > >,class <lambda_34715cf5f14d13a2e1f4517aaac059dd> >(class std::_List_unchecked_iterator<class std::_List_val<struct std::_List_simple_types<class tiny_world::DirectionalLight const *> > >,class std::_List_unchecked_iterator<class std::_List_val<struct std::_List_simple_types<class tiny_world::DirectionalLight const *> > >,class <lambda_34715cf5f14d13a2e1f4517aaac059dd> &)" (??$_Find_if_unchecked@V?$_List_unchecked_iterator@V?$_List_val@U?$_List_simple_types@PEBVDirectionalLight@tiny_world@@@std@@@std@@@std@@V<lambda_34715cf5f14d13a2e1f4517aaac059dd>@@@std@@YA?AV?$_List_unchecked_iterator@V?$_List_val@U?$_List_simple_types@PEBVDirectionalLight@tiny_world@@@std@@@std@@@0@V10@0AEAV<lambda_34715cf5f14d13a2e1f4517aaac059dd>@@@Z)
TinyWorldCore.lib(FullscreenRectangle.obj) : warning LNK4049: locally defined symbol __glewUniformMatrix4fv imported
TinyWorldCore.lib(TransparentBox.obj) : warning LNK4217: locally defined symbol __glewUniformMatrix4fv imported in function "public: struct std::_List_node<class tiny_world::DirectionalLight const *,void *> * __cdecl std::_List_buy<class tiny_world::DirectionalLight const *,class std::allocator<class tiny_world::DirectionalLight const *> >::_Buynode<class tiny_world::DirectionalLight const *>(struct std::_List_node<class tiny_world::DirectionalLight const *,void *> *,struct std::_List_node<class tiny_world::DirectionalLight const *,void *> *,class tiny_world::DirectionalLight const * &&)" (??$_Buynode@PEBVDirectionalLight@tiny_world@@@?$_List_buy@PEBVDirectionalLight@tiny_world@@V?$allocator@PEBVDirectionalLight@tiny_world@@@std@@@std@@QEAAPEAU?$_List_node@PEBVDirectionalLight@tiny_world@@PEAX@1@PEAU21@0$$QEAPEBVDirectionalLight@tiny_world@@@Z)
TinyWorldCore.lib(FullscreenRectangle.obj) : warning LNK4049: locally defined symbol __glewBindVertexArray imported
TinyWorldCore.lib(TransparentBox.obj) : warning LNK4049: locally defined symbol __glewBindVertexArray imported
TinyWorldCore.lib(FullscreenRectangle.obj) : warning LNK4049: locally defined symbol __glewDeleteVertexArrays imported
TinyWorldCore.lib(TransparentBox.obj) : warning LNK4049: locally defined symbol __glewDeleteVertexArrays imported
TinyWorldCore.lib(FullscreenRectangle.obj) : warning LNK4049: locally defined symbol __glewGenVertexArrays imported
TinyWorldCore.lib(TransparentBox.obj) : warning LNK4217: locally defined symbol __glewGenVertexArrays imported in function "void __cdecl std::_Pocma<struct std::_Wrap_alloc<class std::allocator<struct std::_List_node<class tiny_world::DirectionalLight const *,void *> > > >(struct std::_Wrap_alloc<class std::allocator<struct std::_List_node<class tiny_world::DirectionalLight const *,void *> > > &,struct std::_Wrap_alloc<class std::allocator<struct std::_List_node<class tiny_world::DirectionalLight const *,void *> > > &,struct std::integral_constant<bool,1>)" (??$_Pocma@U?$_Wrap_alloc@V?$allocator@U?$_List_node@PEBVDirectionalLight@tiny_world@@PEAX@std@@@std@@@std@@@std@@YAXAEAU?$_Wrap_alloc@V?$allocator@U?$_List_node@PEBVDirectionalLight@tiny_world@@PEAX@std@@@std@@@0@0U?$integral_constant@_N$00@0@@Z)
TinyWorldCore.lib(FullscreenRectangle.obj) : warning LNK4049: locally defined symbol __glewBindVertexBuffer imported
TinyWorldCore.lib(TransparentBox.obj) : warning LNK4049: locally defined symbol __glewBindVertexBuffer imported
TinyWorldCore.lib(FullscreenRectangle.obj) : warning LNK4049: locally defined symbol __glewVertexAttribBinding imported
TinyWorldCore.lib(TransparentBox.obj) : warning LNK4049: locally defined symbol __glewVertexAttribBinding imported
TinyWorldCore.lib(FullscreenRectangle.obj) : warning LNK4049: locally defined symbol __glewVertexAttribFormat imported
TinyWorldCore.lib(TransparentBox.obj) : warning LNK4049: locally defined symbol __glewVertexAttribFormat imported
TinyWorldCore.lib(SSFilter_HDRBloom.obj) : warning LNK4049: locally defined symbol __glewUniform1fv imported
TinyWorldCore.lib(AbstractRenderableObjectHDRBloomEx.obj) : warning LNK4049: locally defined symbol __glewUniform1fv imported
TinyWorldCore.lib(TransparentBox.obj) : warning LNK4049: locally defined symbol __glewUniform1fv imported
TinyWorldCore.lib(TransparentBox.obj) : warning LNK4049: locally defined symbol __glewUniform2fv imported
TinyWorldCore.lib(TransparentBox.obj) : warning LNK4049: locally defined symbol __glewUniform3fv imported
TinyWorldCore.lib(TransparentBox.obj) : warning LNK4049: locally defined symbol __glewUniform4fv imported
TinyWorldCore.lib(TransparentBox.obj) : warning LNK4049: locally defined symbol __glewUniform1uiv imported
TinyWorldCore.lib(BufferTexture.obj) : warning LNK4049: locally defined symbol __glewTexBuffer imported
TinyWorldCore.lib(TextureSampler.obj) : warning LNK4049: locally defined symbol __glewBindSampler imported
TinyWorldCore.lib(TextureSampler.obj) : warning LNK4049: locally defined symbol __glewDeleteSamplers imported
TinyWorldCore.lib(TextureSampler.obj) : warning LNK4049: locally defined symbol __glewGenSamplers imported
TinyWorldCore.lib(TextureSampler.obj) : warning LNK4049: locally defined symbol __glewSamplerParameterfv imported
TinyWorldCore.lib(TextureSampler.obj) : warning LNK4049: locally defined symbol __glewSamplerParameteri imported
TinyWorldCore.lib(SeparateShaderProgram.obj) : warning LNK4049: locally defined symbol __glewActiveShaderProgram imported
TinyWorldCore.lib(SeparateShaderProgram.obj) : warning LNK4049: locally defined symbol __glewBindProgramPipeline imported
TinyWorldCore.lib(SeparateShaderProgram.obj) : warning LNK4049: locally defined symbol __glewDeleteProgramPipelines imported
TinyWorldCore.lib(SeparateShaderProgram.obj) : warning LNK4049: locally defined symbol __glewGenProgramPipelines imported
TinyWorldCore.lib(SeparateShaderProgram.obj) : warning LNK4049: locally defined symbol __glewUseProgramStages imported
TinyWorldCore.lib(Buffer.obj) : warning LNK4049: locally defined symbol __glewMapBuffer imported
TinyWorldCore.lib(Buffer.obj) : warning LNK4049: locally defined symbol __glewUnmapBuffer imported
TinyWorldCore.lib(Buffer.obj) : warning LNK4049: locally defined symbol __glewCopyBufferSubData imported
TinyWorldCore.lib(Buffer.obj) : warning LNK4049: locally defined symbol __glewMapBufferRange imported
TinyWorldCore.lib(Buffer.obj) : warning LNK4049: locally defined symbol __glewBindBufferBase imported
TinyWorldCore.lib(init.obj) : error LNK2019: unresolved external symbol __imp_vsnprintf referenced in function _glfwInputError
MSVCRTD.lib(vsnprintf.obj) : error LNK2001: unresolved external symbol __imp_vsnprintf
TinyWorldCore.lib(context.obj) : error LNK2019: unresolved external symbol __imp_sscanf referenced in function _glfwRefreshContextAttribs
MSVCRTD.lib(vsnprintf.obj) : error LNK2001: unresolved external symbol __imp__vsnprintf
C:\Users\abibov\Source\Repos\TinyWorld\x64\Debug\VirtualSawing.exe : fatal error LNK1120: 3 unresolved externals
