c:\users\abibov\source\repos\tinyworld\tinyworldcore\x64\debug\tinyworldcore.pdb
c:\users\abibov\source\repos\tinyworld\tinyworldcore\x64\debug\tinyworldcore.idb
c:\users\abibov\source\repos\tinyworld\tinyworldcore\x64\debug\pixeltraits.obj
c:\users\abibov\source\repos\tinyworld\tinyworldcore\x64\debug\screen.obj
c:\users\abibov\source\repos\tinyworld\tinyworldcore\x64\debug\separateshaderprogram.obj
c:\users\abibov\source\repos\tinyworld\tinyworldcore\x64\debug\shader.obj
c:\users\abibov\source\repos\tinyworld\tinyworldcore\x64\debug\shaderprogram.obj
c:\users\abibov\source\repos\tinyworld\tinyworldcore\x64\debug\sharedbuffer.obj
c:\users\abibov\source\repos\tinyworld\tinyworldcore\x64\debug\skydome.obj
c:\users\abibov\source\repos\tinyworld\tinyworldcore\x64\debug\ssfilter.obj
c:\users\abibov\source\repos\tinyworld\tinyworldcore\x64\debug\ssfilter_atmosphericfog.obj
c:\users\abibov\source\repos\tinyworld\tinyworldcore\x64\debug\ssfilter_blur.obj
c:\users\abibov\source\repos\tinyworld\tinyworldcore\x64\debug\ssfilter_hdrbloom.obj
c:\users\abibov\source\repos\tinyworld\tinyworldcore\x64\debug\ssfilter_immediateshader.obj
c:\users\abibov\source\repos\tinyworld\tinyworldcore\x64\debug\ssfilter_lighthaze.obj
c:\users\abibov\source\repos\tinyworld\tinyworldcore\x64\debug\ssfilter_ssao.obj
c:\users\abibov\source\repos\tinyworld\tinyworldcore\x64\debug\std140uniformbuffer.obj
c:\users\abibov\source\repos\tinyworld\tinyworldcore\x64\debug\tessellatedterrain.obj
c:\users\abibov\source\repos\tinyworld\tinyworldcore\x64\debug\texture.obj
c:\users\abibov\source\repos\tinyworld\tinyworldcore\x64\debug\texturesampler.obj
c:\users\abibov\source\repos\tinyworld\tinyworldcore\x64\debug\textureunitblock.obj
c:\users\abibov\source\repos\tinyworld\tinyworldcore\x64\debug\transparentbox.obj
c:\users\abibov\source\repos\tinyworld\tinyworldcore\x64\debug\clouds.obj
c:\users\abibov\source\repos\tinyworld\tinyworldcore\x64\debug\completeshaderprogram.obj
c:\users\abibov\source\repos\tinyworld\tinyworldcore\x64\debug\cube.obj
c:\users\abibov\source\repos\tinyworld\tinyworldcore\x64\debug\cylindricalsurface.obj
c:\users\abibov\source\repos\tinyworld\tinyworldcore\x64\debug\entity.obj
c:\users\abibov\source\repos\tinyworld\tinyworldcore\x64\debug\environmentmap.obj
c:\users\abibov\source\repos\tinyworld\tinyworldcore\x64\debug\errorbehavioral.obj
c:\users\abibov\source\repos\tinyworld\tinyworldcore\x64\debug\fractalnoise.obj
c:\users\abibov\source\repos\tinyworld\tinyworldcore\x64\debug\framebuffer.obj
c:\users\abibov\source\repos\tinyworld\tinyworldcore\x64\debug\fullscreenrectangle.obj
c:\users\abibov\source\repos\tinyworld\tinyworldcore\x64\debug\imageunit.obj
c:\users\abibov\source\repos\tinyworld\tinyworldcore\x64\debug\immutabletexture.obj
c:\users\abibov\source\repos\tinyworld\tinyworldcore\x64\debug\immutabletexture1d.obj
c:\users\abibov\source\repos\tinyworld\tinyworldcore\x64\debug\immutabletexture2d.obj
c:\users\abibov\source\repos\tinyworld\tinyworldcore\x64\debug\immutabletexture3d.obj
c:\users\abibov\source\repos\tinyworld\tinyworldcore\x64\debug\immutabletexturecubemap.obj
c:\users\abibov\source\repos\tinyworld\tinyworldcore\x64\debug\kpwater.obj
c:\users\abibov\source\repos\tinyworld\tinyworldcore\x64\debug\ktxtexture.obj
c:\users\abibov\source\repos\tinyworld\tinyworldcore\x64\debug\light.obj
c:\users\abibov\source\repos\tinyworld\tinyworldcore\x64\debug\lightingconditions.obj
c:\users\abibov\source\repos\tinyworld\tinyworldcore\x64\debug\abstractprojectingdevice.obj
c:\users\abibov\source\repos\tinyworld\tinyworldcore\x64\debug\abstractrenderableobject.obj
c:\users\abibov\source\repos\tinyworld\tinyworldcore\x64\debug\abstractrenderableobjecthdrbloomex.obj
c:\users\abibov\source\repos\tinyworld\tinyworldcore\x64\debug\abstractrenderableobjectlightex.obj
c:\users\abibov\source\repos\tinyworld\tinyworldcore\x64\debug\abstractrenderableobjectselectionex.obj
c:\users\abibov\source\repos\tinyworld\tinyworldcore\x64\debug\abstractrenderingdevice.obj
c:\users\abibov\source\repos\tinyworld\tinyworldcore\x64\debug\buffer.obj
c:\users\abibov\source\repos\tinyworld\tinyworldcore\x64\debug\buffertexture.obj
c:\users\abibov\source\repos\tinyworld\x64\debug\tinyworldcore.lib
d:\repos\tinyworld\tinyworldcore\x64\debug\abstractprojectingdevice.obj
d:\repos\tinyworld\tinyworldcore\x64\debug\abstractrenderableobject.obj
d:\repos\tinyworld\tinyworldcore\x64\debug\abstractrenderableobjecthdrbloomex.obj
d:\repos\tinyworld\tinyworldcore\x64\debug\abstractrenderableobjectlightex.obj
d:\repos\tinyworld\tinyworldcore\x64\debug\abstractrenderableobjectselectionex.obj
d:\repos\tinyworld\tinyworldcore\x64\debug\abstractrenderingdevice.obj
d:\repos\tinyworld\tinyworldcore\x64\debug\buffer.obj
d:\repos\tinyworld\tinyworldcore\x64\debug\buffertexture.obj
d:\repos\tinyworld\tinyworldcore\x64\debug\clouds.obj
d:\repos\tinyworld\tinyworldcore\x64\debug\completeshaderprogram.obj
d:\repos\tinyworld\tinyworldcore\x64\debug\cube.obj
d:\repos\tinyworld\tinyworldcore\x64\debug\cylindricalsurface.obj
d:\repos\tinyworld\tinyworldcore\x64\debug\entity.obj
d:\repos\tinyworld\tinyworldcore\x64\debug\environmentmap.obj
d:\repos\tinyworld\tinyworldcore\x64\debug\errorbehavioral.obj
d:\repos\tinyworld\tinyworldcore\x64\debug\fractalnoise.obj
d:\repos\tinyworld\tinyworldcore\x64\debug\framebuffer.obj
d:\repos\tinyworld\tinyworldcore\x64\debug\fullscreenrectangle.obj
d:\repos\tinyworld\tinyworldcore\x64\debug\imageunit.obj
d:\repos\tinyworld\tinyworldcore\x64\debug\immutabletexture.obj
d:\repos\tinyworld\tinyworldcore\x64\debug\immutabletexture1d.obj
d:\repos\tinyworld\tinyworldcore\x64\debug\immutabletexture2d.obj
d:\repos\tinyworld\tinyworldcore\x64\debug\immutabletexture3d.obj
d:\repos\tinyworld\tinyworldcore\x64\debug\immutabletexturecubemap.obj
d:\repos\tinyworld\tinyworldcore\x64\debug\kpwater.obj
d:\repos\tinyworld\tinyworldcore\x64\debug\ktxtexture.obj
d:\repos\tinyworld\tinyworldcore\x64\debug\light.obj
d:\repos\tinyworld\tinyworldcore\x64\debug\lightingconditions.obj
d:\repos\tinyworld\tinyworldcore\x64\debug\pixeltraits.obj
d:\repos\tinyworld\tinyworldcore\x64\debug\screen.obj
d:\repos\tinyworld\tinyworldcore\x64\debug\separateshaderprogram.obj
d:\repos\tinyworld\tinyworldcore\x64\debug\shader.obj
d:\repos\tinyworld\tinyworldcore\x64\debug\shaderprogram.obj
d:\repos\tinyworld\tinyworldcore\x64\debug\sharedbuffer.obj
d:\repos\tinyworld\tinyworldcore\x64\debug\skydome.obj
d:\repos\tinyworld\tinyworldcore\x64\debug\ssfilter.obj
d:\repos\tinyworld\tinyworldcore\x64\debug\ssfilter_atmosphericfog.obj
d:\repos\tinyworld\tinyworldcore\x64\debug\ssfilter_blur.obj
d:\repos\tinyworld\tinyworldcore\x64\debug\ssfilter_hdrbloom.obj
d:\repos\tinyworld\tinyworldcore\x64\debug\ssfilter_immediateshader.obj
d:\repos\tinyworld\tinyworldcore\x64\debug\ssfilter_lighthaze.obj
d:\repos\tinyworld\tinyworldcore\x64\debug\ssfilter_ssao.obj
d:\repos\tinyworld\tinyworldcore\x64\debug\std140uniformbuffer.obj
d:\repos\tinyworld\tinyworldcore\x64\debug\tessellatedterrain.obj
d:\repos\tinyworld\tinyworldcore\x64\debug\texture.obj
d:\repos\tinyworld\tinyworldcore\x64\debug\texturesampler.obj
d:\repos\tinyworld\tinyworldcore\x64\debug\textureunitblock.obj
d:\repos\tinyworld\tinyworldcore\x64\debug\transparentbox.obj
d:\repos\tinyworld\tinyworldcore\x64\debug\tinyworldcore.idb
d:\repos\tinyworld\tinyworldcore\x64\debug\tinyworldcore.pdb
d:\repos\tinyworld\x64\debug\tinyworldcore.pdb
d:\repos\tinyworld\x64\debug\tinyworldcore.lib
d:\repos\tinyworld\tinyworldcore\x64\debug\tinyworldcore.tlog\cl.command.1.tlog
d:\repos\tinyworld\tinyworldcore\x64\debug\tinyworldcore.tlog\cl.read.1.tlog
d:\repos\tinyworld\tinyworldcore\x64\debug\tinyworldcore.tlog\cl.write.1.tlog
d:\repos\tinyworld\tinyworldcore\x64\debug\tinyworldcore.tlog\lib-link.read.1.tlog
d:\repos\tinyworld\tinyworldcore\x64\debug\tinyworldcore.tlog\lib-link.write.1.tlog
d:\repos\tinyworld\tinyworldcore\x64\debug\tinyworldcore.tlog\lib.command.1.tlog
