TinyWorldCore.lib(ImmutableTexture.obj) : warning LNK4049: locally defined symbol __glewFramebufferTexture imported
TinyWorldCore.lib(BufferTexture.obj) : warning LNK4049: locally defined symbol __glewFramebufferTexture imported
TinyWorldCore.lib(ImmutableTexture3D.obj) : warning LNK4049: locally defined symbol __glewCopyImageSubData imported
TinyWorldCore.lib(ImmutableTexture.obj) : warning LNK4049: locally defined symbol __glewCopyImageSubData imported
TinyWorldCore.lib(ImmutableTexture2D.obj) : warning LNK4049: locally defined symbol __glewCopyImageSubData imported
TinyWorldCore.lib(ImmutableTextureCubeMap.obj) : warning LNK4049: locally defined symbol __glewCopyImageSubData imported
TinyWorldCore.lib(ImmutableTexture1D.obj) : warning LNK4049: locally defined symbol __glewCopyImageSubData imported
TinyWorldCore.lib(ImmutableTexture.obj) : warning LNK4049: locally defined symbol __glewFramebufferTextureLayer imported
TinyWorldCore.lib(ImmutableTexture.obj) : warning LNK4049: locally defined symbol __glewGenerateMipmap imported
TinyWorldCore.lib(ImmutableTexture.obj) : warning LNK4049: locally defined symbol __glewGetInternalformativ imported
TinyWorldCore.lib(ImmutableTexture.obj) : warning LNK4049: locally defined symbol __glewBindImageTexture imported
TinyWorldCore.lib(BufferTexture.obj) : warning LNK4049: locally defined symbol __glewBindImageTexture imported
TinyWorldCore.lib(ImmutableTexture2D.obj) : warning LNK4049: locally defined symbol __glewTexSubImage3D imported
TinyWorldCore.lib(ImmutableTextureCubeMap.obj) : warning LNK4049: locally defined symbol __glewTexSubImage3D imported
TinyWorldCore.lib(ImmutableTexture3D.obj) : warning LNK4049: locally defined symbol __glewTexSubImage3D imported
TinyWorldCore.lib(ImmutableTexture2D.obj) : warning LNK4049: locally defined symbol __glewCompressedTexSubImage2D imported
TinyWorldCore.lib(ImmutableTextureCubeMap.obj) : warning LNK4049: locally defined symbol __glewCompressedTexSubImage2D imported
TinyWorldCore.lib(ImmutableTexture1D.obj) : warning LNK4049: locally defined symbol __glewCompressedTexSubImage2D imported
TinyWorldCore.lib(ImmutableTexture2D.obj) : warning LNK4049: locally defined symbol __glewCompressedTexSubImage3D imported
TinyWorldCore.lib(ImmutableTextureCubeMap.obj) : warning LNK4049: locally defined symbol __glewCompressedTexSubImage3D imported
TinyWorldCore.lib(ImmutableTexture3D.obj) : warning LNK4049: locally defined symbol __glewCompressedTexSubImage3D imported
TinyWorldCore.lib(ImmutableTexture2D.obj) : warning LNK4049: locally defined symbol __glewGetCompressedTexImage imported
TinyWorldCore.lib(ImmutableTextureCubeMap.obj) : warning LNK4049: locally defined symbol __glewGetCompressedTexImage imported
TinyWorldCore.lib(ImmutableTexture1D.obj) : warning LNK4049: locally defined symbol __glewGetCompressedTexImage imported
TinyWorldCore.lib(ImmutableTexture3D.obj) : warning LNK4049: locally defined symbol __glewGetCompressedTexImage imported
TinyWorldCore.lib(ImmutableTexture2D.obj) : warning LNK4049: locally defined symbol __glewTexStorage2D imported
TinyWorldCore.lib(ImmutableTextureCubeMap.obj) : warning LNK4049: locally defined symbol __glewTexStorage2D imported
TinyWorldCore.lib(ImmutableTexture1D.obj) : warning LNK4049: locally defined symbol __glewTexStorage2D imported
TinyWorldCore.lib(ImmutableTexture2D.obj) : warning LNK4049: locally defined symbol __glewTexStorage3D imported
TinyWorldCore.lib(ImmutableTextureCubeMap.obj) : warning LNK4049: locally defined symbol __glewTexStorage3D imported
TinyWorldCore.lib(ImmutableTexture3D.obj) : warning LNK4049: locally defined symbol __glewTexStorage3D imported
TinyWorldCore.lib(AbstractRenderingDevice.obj) : warning LNK4049: locally defined symbol __glewCopyTexSubImage3D imported
TinyWorldCore.lib(AbstractRenderingDevice.obj) : warning LNK4049: locally defined symbol __glewBlendColor imported
TinyWorldCore.lib(AbstractRenderingDevice.obj) : warning LNK4049: locally defined symbol __glewBlendFuncSeparate imported
TinyWorldCore.lib(Skydome.obj) : warning LNK4049: locally defined symbol __glewBlendFuncSeparate imported
TinyWorldCore.lib(AbstractRenderingDevice.obj) : warning LNK4049: locally defined symbol __glewBlendEquationSeparate imported
TinyWorldCore.lib(Skydome.obj) : warning LNK4049: locally defined symbol __glewBlendEquationSeparate imported
TinyWorldCore.lib(AbstractRenderingDevice.obj) : warning LNK4049: locally defined symbol __glewStencilFuncSeparate imported
TinyWorldCore.lib(AbstractRenderingDevice.obj) : warning LNK4049: locally defined symbol __glewStencilMaskSeparate imported
TinyWorldCore.lib(AbstractRenderingDevice.obj) : warning LNK4049: locally defined symbol __glewStencilOpSeparate imported
TinyWorldCore.lib(AbstractRenderingDevice.obj) : warning LNK4049: locally defined symbol __glewPrimitiveRestartIndex imported
TinyWorldCore.lib(Skydome.obj) : warning LNK4049: locally defined symbol __glewPrimitiveRestartIndex imported
TinyWorldCore.lib(AbstractRenderingDevice.obj) : warning LNK4049: locally defined symbol __glewBindFramebuffer imported
TinyWorldCore.lib(Framebuffer.obj) : warning LNK4049: locally defined symbol __glewBindFramebuffer imported
TinyWorldCore.lib(AbstractRenderingDevice.obj) : warning LNK4049: locally defined symbol __glewScissorIndexed imported
TinyWorldCore.lib(AbstractRenderingDevice.obj) : warning LNK4049: locally defined symbol __glewViewportIndexedf imported
TinyWorldCore.lib(KPWater.obj) : warning LNK4049: locally defined symbol __glewBindBuffer imported
TinyWorldCore.lib(Buffer.obj) : warning LNK4049: locally defined symbol __glewBindBuffer imported
TinyWorldCore.lib(Skydome.obj) : warning LNK4049: locally defined symbol __glewBindBuffer imported
TinyWorldCore.lib(TessellatedTerrain.obj) : warning LNK4049: locally defined symbol __glewBindBuffer imported
TinyWorldCore.lib(FullscreenRectangle.obj) : warning LNK4217: locally defined symbol __glewBindBuffer imported in function "public: __cdecl std::_Tree_const_iterator<class std::_Tree_val<struct std::_Tree_simple_types<struct std::pair<unsigned int const ,class tiny_world::ShaderProgram::AbstractQuery *> > > >::~_Tree_const_iterator<class std::_Tree_val<struct std::_Tree_simple_types<struct std::pair<unsigned int const ,class tiny_world::ShaderProgram::AbstractQuery *> > > >(void)" (??1?$_Tree_const_iterator@V?$_Tree_val@U?$_Tree_simple_types@U?$pair@$$CBIPEAVAbstractQuery@ShaderProgram@tiny_world@@@std@@@std@@@std@@@std@@QEAA@XZ)
TinyWorldCore.lib(KPWater.obj) : warning LNK4049: locally defined symbol __glewBufferData imported
TinyWorldCore.lib(Buffer.obj) : warning LNK4049: locally defined symbol __glewBufferData imported
TinyWorldCore.lib(Skydome.obj) : warning LNK4049: locally defined symbol __glewBufferData imported
TinyWorldCore.lib(TessellatedTerrain.obj) : warning LNK4049: locally defined symbol __glewBufferData imported
TinyWorldCore.lib(FullscreenRectangle.obj) : warning LNK4217: locally defined symbol __glewBufferData imported in function "public: __cdecl std::_Tree_const_iterator<class std::_Tree_val<struct std::_Tree_simple_types<struct std::pair<unsigned int const ,class tiny_world::ShaderProgram::AbstractQuery *> > > >::_Tree_const_iterator<class std::_Tree_val<struct std::_Tree_simple_types<struct std::pair<unsigned int const ,class tiny_world::ShaderProgram::AbstractQuery *> > > >(class std::_Tree_const_iterator<class std::_Tree_val<struct std::_Tree_simple_types<struct std::pair<unsigned int const ,class tiny_world::ShaderProgram::AbstractQuery *> > > > const &)" (??0?$_Tree_const_iterator@V?$_Tree_val@U?$_Tree_simple_types@U?$pair@$$CBIPEAVAbstractQuery@ShaderProgram@tiny_world@@@std@@@std@@@std@@@std@@QEAA@AEBV01@@Z)
TinyWorldCore.lib(Buffer.obj) : warning LNK4049: locally defined symbol __glewBufferSubData imported
TinyWorldCore.lib(Skydome.obj) : warning LNK4049: locally defined symbol __glewBufferSubData imported
TinyWorldCore.lib(FullscreenRectangle.obj) : warning LNK4217: locally defined symbol __glewBufferSubData imported in function "public: __cdecl std::_Tree_const_iterator<class std::_Tree_val<struct std::_Tree_simple_types<struct std::pair<unsigned int const ,class tiny_world::ShaderProgram::AbstractQuery *> > > >::_Tree_const_iterator<class std::_Tree_val<struct std::_Tree_simple_types<struct std::pair<unsigned int const ,class tiny_world::ShaderProgram::AbstractQuery *> > > >(class std::_Tree_const_iterator<class std::_Tree_val<struct std::_Tree_simple_types<struct std::pair<unsigned int const ,class tiny_world::ShaderProgram::AbstractQuery *> > > > &&)" (??0?$_Tree_const_iterator@V?$_Tree_val@U?$_Tree_simple_types@U?$pair@$$CBIPEAVAbstractQuery@ShaderProgram@tiny_world@@@std@@@std@@@std@@@std@@QEAA@$$QEAV01@@Z)
TinyWorldCore.lib(KPWater.obj) : warning LNK4049: locally defined symbol __glewDeleteBuffers imported
TinyWorldCore.lib(Buffer.obj) : warning LNK4049: locally defined symbol __glewDeleteBuffers imported
TinyWorldCore.lib(Skydome.obj) : warning LNK4049: locally defined symbol __glewDeleteBuffers imported
TinyWorldCore.lib(TessellatedTerrain.obj) : warning LNK4049: locally defined symbol __glewDeleteBuffers imported
TinyWorldCore.lib(FullscreenRectangle.obj) : warning LNK4049: locally defined symbol __glewDeleteBuffers imported
TinyWorldCore.lib(KPWater.obj) : warning LNK4049: locally defined symbol __glewGenBuffers imported
TinyWorldCore.lib(Buffer.obj) : warning LNK4049: locally defined symbol __glewGenBuffers imported
TinyWorldCore.lib(Skydome.obj) : warning LNK4049: locally defined symbol __glewGenBuffers imported
TinyWorldCore.lib(TessellatedTerrain.obj) : warning LNK4049: locally defined symbol __glewGenBuffers imported
TinyWorldCore.lib(FullscreenRectangle.obj) : warning LNK4049: locally defined symbol __glewGenBuffers imported
TinyWorldCore.lib(Buffer.obj) : warning LNK4049: locally defined symbol __glewMapBuffer imported
TinyWorldCore.lib(Buffer.obj) : warning LNK4049: locally defined symbol __glewUnmapBuffer imported
TinyWorldCore.lib(Skydome.obj) : warning LNK4049: locally defined symbol __glewUnmapBuffer imported
TinyWorldCore.lib(Buffer.obj) : warning LNK4049: locally defined symbol __glewCopyBufferSubData imported
TinyWorldCore.lib(Buffer.obj) : warning LNK4049: locally defined symbol __glewMapBufferRange imported
TinyWorldCore.lib(Skydome.obj) : warning LNK4049: locally defined symbol __glewMapBufferRange imported
TinyWorldCore.lib(Buffer.obj) : warning LNK4049: locally defined symbol __glewBindBufferBase imported
TinyWorldCore.lib(Framebuffer.obj) : warning LNK4049: locally defined symbol __glewDrawBuffers imported
TinyWorldCore.lib(Framebuffer.obj) : warning LNK4049: locally defined symbol __glewColorMaski imported
TinyWorldCore.lib(Framebuffer.obj) : warning LNK4049: locally defined symbol __glewBlendEquationSeparatei imported
TinyWorldCore.lib(Framebuffer.obj) : warning LNK4049: locally defined symbol __glewBlendFuncSeparatei imported
TinyWorldCore.lib(Framebuffer.obj) : warning LNK4049: locally defined symbol __glewCheckFramebufferStatus imported
TinyWorldCore.lib(Framebuffer.obj) : warning LNK4049: locally defined symbol __glewDeleteFramebuffers imported
TinyWorldCore.lib(Framebuffer.obj) : warning LNK4049: locally defined symbol __glewGenFramebuffers imported
TinyWorldCore.lib(ShaderProgram.obj) : warning LNK4049: locally defined symbol __glewAttachShader imported
TinyWorldCore.lib(ShaderProgram.obj) : warning LNK4049: locally defined symbol __glewBindAttribLocation imported
TinyWorldCore.lib(ShaderProgram.obj) : warning LNK4049: locally defined symbol __glewCreateProgram imported
TinyWorldCore.lib(ShaderProgram.obj) : warning LNK4049: locally defined symbol __glewDeleteProgram imported
TinyWorldCore.lib(ShaderProgram.obj) : warning LNK4049: locally defined symbol __glewDetachShader imported
TinyWorldCore.lib(ShaderProgram.obj) : warning LNK4049: locally defined symbol __glewGetProgramInfoLog imported
TinyWorldCore.lib(ShaderProgram.obj) : warning LNK4049: locally defined symbol __glewGetProgramiv imported
TinyWorldCore.lib(ShaderProgram.obj) : warning LNK4049: locally defined symbol __glewLinkProgram imported
TinyWorldCore.lib(ShaderProgram.obj) : warning LNK4049: locally defined symbol __glewUseProgram imported
TinyWorldCore.lib(CompleteShaderProgram.obj) : warning LNK4049: locally defined symbol __glewUseProgram imported
TinyWorldCore.lib(SeparateShaderProgram.obj) : warning LNK4049: locally defined symbol __glewUseProgram imported
TinyWorldCore.lib(ShaderProgram.obj) : warning LNK4049: locally defined symbol __glewGetProgramBinary imported
TinyWorldCore.lib(ShaderProgram.obj) : warning LNK4049: locally defined symbol __glewProgramBinary imported
TinyWorldCore.lib(ShaderProgram.obj) : warning LNK4049: locally defined symbol __glewProgramParameteri imported
TinyWorldCore.lib(SeparateShaderProgram.obj) : warning LNK4049: locally defined symbol __glewProgramParameteri imported
TinyWorldCore.lib(ShaderProgram.obj) : warning LNK4049: locally defined symbol __glewGetProgramResourceIndex imported
TinyWorldCore.lib(ShaderProgram.obj) : warning LNK4049: locally defined symbol __glewGetProgramResourceiv imported
TinyWorldCore.lib(ShaderProgram.obj) : warning LNK4049: locally defined symbol __glewGetProgramStageiv imported
TinyWorldCore.lib(ShaderProgram.obj) : warning LNK4049: locally defined symbol __glewGetSubroutineIndex imported
TinyWorldCore.lib(ShaderProgram.obj) : warning LNK4049: locally defined symbol __glewGetSubroutineUniformLocation imported
TinyWorldCore.lib(ShaderProgram.obj) : warning LNK4049: locally defined symbol __glewUniformSubroutinesuiv imported
TinyWorldCore.lib(ShaderProgram.obj) : warning LNK4049: locally defined symbol __glewUniformBlockBinding imported
TinyWorldCore.lib(TextureSampler.obj) : warning LNK4049: locally defined symbol __glewActiveTexture imported
TinyWorldCore.lib(TextureUnitBlock.obj) : warning LNK4049: locally defined symbol __glewActiveTexture imported
TinyWorldCore.lib(TextureSampler.obj) : warning LNK4049: locally defined symbol __glewBindSampler imported
TinyWorldCore.lib(TextureSampler.obj) : warning LNK4049: locally defined symbol __glewDeleteSamplers imported
TinyWorldCore.lib(TextureSampler.obj) : warning LNK4049: locally defined symbol __glewGenSamplers imported
TinyWorldCore.lib(TextureSampler.obj) : warning LNK4049: locally defined symbol __glewSamplerParameterfv imported
TinyWorldCore.lib(TextureSampler.obj) : warning LNK4049: locally defined symbol __glewSamplerParameteri imported
TinyWorldCore.lib(KPWater.obj) : warning LNK4049: locally defined symbol __glewGetUniformLocation imported
TinyWorldCore.lib(FractalNoise.obj) : warning LNK4049: locally defined symbol __glewGetUniformLocation imported
TinyWorldCore.lib(SSFilter_Blur.obj) : warning LNK4049: locally defined symbol __glewGetUniformLocation imported
TinyWorldCore.lib(SSFilter_ImmediateShader.obj) : warning LNK4049: locally defined symbol __glewGetUniformLocation imported
TinyWorldCore.lib(SSFilter_AtmosphericFog.obj) : warning LNK4049: locally defined symbol __glewGetUniformLocation imported
TinyWorldCore.lib(SSFilter_LightHaze.obj) : warning LNK4049: locally defined symbol __glewGetUniformLocation imported
TinyWorldCore.lib(TessellatedTerrain.obj) : warning LNK4049: locally defined symbol __glewGetUniformLocation imported
TinyWorldCore.lib(FullscreenRectangle.obj) : warning LNK4049: locally defined symbol __glewGetUniformLocation imported
TinyWorldCore.lib(SSFilter_HDRBloom.obj) : warning LNK4049: locally defined symbol __glewGetUniformLocation imported
TinyWorldCore.lib(SSFilter_SSAO.obj) : warning LNK4049: locally defined symbol __glewGetUniformLocation imported
TinyWorldCore.lib(AbstractRenderableObjectHDRBloomEx.obj) : warning LNK4049: locally defined symbol __glewGetUniformLocation imported
TinyWorldCore.lib(Skydome.obj) : warning LNK4049: locally defined symbol __glewGetUniformLocation imported
TinyWorldCore.lib(AbstractRenderableObjectLightEx.obj) : warning LNK4049: locally defined symbol __glewGetUniformLocation imported
TinyWorldCore.lib(AbstractRenderableObjectSelectionEx.obj) : warning LNK4049: locally defined symbol __glewGetUniformLocation imported
TinyWorldCore.lib(KPWater.obj) : warning LNK4049: locally defined symbol __glewUniform1fv imported
TinyWorldCore.lib(FractalNoise.obj) : warning LNK4049: locally defined symbol __glewUniform1fv imported
TinyWorldCore.lib(SSFilter_HDRBloom.obj) : warning LNK4049: locally defined symbol __glewUniform1fv imported
TinyWorldCore.lib(SSFilter_SSAO.obj) : warning LNK4049: locally defined symbol __glewUniform1fv imported
TinyWorldCore.lib(SSFilter_AtmosphericFog.obj) : warning LNK4049: locally defined symbol __glewUniform1fv imported
TinyWorldCore.lib(SSFilter_LightHaze.obj) : warning LNK4049: locally defined symbol __glewUniform1fv imported
TinyWorldCore.lib(AbstractRenderableObjectHDRBloomEx.obj) : warning LNK4049: locally defined symbol __glewUniform1fv imported
TinyWorldCore.lib(Skydome.obj) : warning LNK4049: locally defined symbol __glewUniform1fv imported
TinyWorldCore.lib(AbstractRenderableObjectLightEx.obj) : warning LNK4049: locally defined symbol __glewUniform1fv imported
TinyWorldCore.lib(TessellatedTerrain.obj) : warning LNK4049: locally defined symbol __glewUniform1fv imported
TinyWorldCore.lib(FractalNoise.obj) : warning LNK4049: locally defined symbol __glewUniform1iv imported
TinyWorldCore.lib(SSFilter_ImmediateShader.obj) : warning LNK4217: locally defined symbol __glewUniform1iv imported in function "void __cdecl std::_Debug_pointer<char const >(char const *,wchar_t const *,unsigned int)" (??$_Debug_pointer@$$CBD@std@@YAXPEBDPEB_WI@Z)
TinyWorldCore.lib(SSFilter_AtmosphericFog.obj) : warning LNK4049: locally defined symbol __glewUniform1iv imported
TinyWorldCore.lib(SSFilter_LightHaze.obj) : warning LNK4049: locally defined symbol __glewUniform1iv imported
TinyWorldCore.lib(KPWater.obj) : warning LNK4049: locally defined symbol __glewUniform1iv imported
TinyWorldCore.lib(FullscreenRectangle.obj) : warning LNK4049: locally defined symbol __glewUniform1iv imported
TinyWorldCore.lib(SSFilter_HDRBloom.obj) : warning LNK4049: locally defined symbol __glewUniform1iv imported
TinyWorldCore.lib(SSFilter_SSAO.obj) : warning LNK4049: locally defined symbol __glewUniform1iv imported
TinyWorldCore.lib(SSFilter_Blur.obj) : warning LNK4049: locally defined symbol __glewUniform1iv imported
TinyWorldCore.lib(AbstractRenderableObjectHDRBloomEx.obj) : warning LNK4049: locally defined symbol __glewUniform1iv imported
TinyWorldCore.lib(Skydome.obj) : warning LNK4049: locally defined symbol __glewUniform1iv imported
TinyWorldCore.lib(AbstractRenderableObjectLightEx.obj) : warning LNK4049: locally defined symbol __glewUniform1iv imported
TinyWorldCore.lib(TessellatedTerrain.obj) : warning LNK4049: locally defined symbol __glewUniform1iv imported
TinyWorldCore.lib(Skydome.obj) : warning LNK4049: locally defined symbol __glewBlendEquation imported
TinyWorldCore.lib(Skydome.obj) : warning LNK4049: locally defined symbol __glewEnableVertexAttribArray imported
TinyWorldCore.lib(TessellatedTerrain.obj) : warning LNK4049: locally defined symbol __glewEnableVertexAttribArray imported
TinyWorldCore.lib(FullscreenRectangle.obj) : warning LNK4049: locally defined symbol __glewEnableVertexAttribArray imported
TinyWorldCore.lib(KPWater.obj) : warning LNK4049: locally defined symbol __glewEnableVertexAttribArray imported
TinyWorldCore.lib(Skydome.obj) : warning LNK4049: locally defined symbol __glewUniform3fv imported
TinyWorldCore.lib(AbstractRenderableObjectLightEx.obj) : warning LNK4049: locally defined symbol __glewUniform3fv imported
TinyWorldCore.lib(TessellatedTerrain.obj) : warning LNK4049: locally defined symbol __glewUniform3fv imported
TinyWorldCore.lib(KPWater.obj) : warning LNK4049: locally defined symbol __glewUniform3fv imported
TinyWorldCore.lib(SSFilter_SSAO.obj) : warning LNK4049: locally defined symbol __glewUniformMatrix4fv imported
TinyWorldCore.lib(SSFilter_AtmosphericFog.obj) : warning LNK4049: locally defined symbol __glewUniformMatrix4fv imported
TinyWorldCore.lib(SSFilter_LightHaze.obj) : warning LNK4049: locally defined symbol __glewUniformMatrix4fv imported
TinyWorldCore.lib(KPWater.obj) : warning LNK4049: locally defined symbol __glewUniformMatrix4fv imported
TinyWorldCore.lib(Skydome.obj) : warning LNK4049: locally defined symbol __glewUniformMatrix4fv imported
TinyWorldCore.lib(AbstractRenderableObjectLightEx.obj) : warning LNK4049: locally defined symbol __glewUniformMatrix4fv imported
TinyWorldCore.lib(TessellatedTerrain.obj) : warning LNK4049: locally defined symbol __glewUniformMatrix4fv imported
TinyWorldCore.lib(FullscreenRectangle.obj) : warning LNK4049: locally defined symbol __glewUniformMatrix4fv imported
TinyWorldCore.lib(Skydome.obj) : warning LNK4049: locally defined symbol __glewBindVertexArray imported
TinyWorldCore.lib(TessellatedTerrain.obj) : warning LNK4049: locally defined symbol __glewBindVertexArray imported
TinyWorldCore.lib(FullscreenRectangle.obj) : warning LNK4049: locally defined symbol __glewBindVertexArray imported
TinyWorldCore.lib(KPWater.obj) : warning LNK4049: locally defined symbol __glewBindVertexArray imported
TinyWorldCore.lib(Skydome.obj) : warning LNK4049: locally defined symbol __glewDeleteVertexArrays imported
TinyWorldCore.lib(TessellatedTerrain.obj) : warning LNK4049: locally defined symbol __glewDeleteVertexArrays imported
TinyWorldCore.lib(FullscreenRectangle.obj) : warning LNK4049: locally defined symbol __glewDeleteVertexArrays imported
TinyWorldCore.lib(KPWater.obj) : warning LNK4049: locally defined symbol __glewDeleteVertexArrays imported
TinyWorldCore.lib(Skydome.obj) : warning LNK4049: locally defined symbol __glewGenVertexArrays imported
TinyWorldCore.lib(TessellatedTerrain.obj) : warning LNK4049: locally defined symbol __glewGenVertexArrays imported
TinyWorldCore.lib(FullscreenRectangle.obj) : warning LNK4049: locally defined symbol __glewGenVertexArrays imported
TinyWorldCore.lib(KPWater.obj) : warning LNK4049: locally defined symbol __glewGenVertexArrays imported
TinyWorldCore.lib(Skydome.obj) : warning LNK4049: locally defined symbol __glewBindVertexBuffer imported
TinyWorldCore.lib(TessellatedTerrain.obj) : warning LNK4049: locally defined symbol __glewBindVertexBuffer imported
TinyWorldCore.lib(FullscreenRectangle.obj) : warning LNK4049: locally defined symbol __glewBindVertexBuffer imported
TinyWorldCore.lib(KPWater.obj) : warning LNK4049: locally defined symbol __glewBindVertexBuffer imported
TinyWorldCore.lib(Skydome.obj) : warning LNK4049: locally defined symbol __glewVertexAttribBinding imported
TinyWorldCore.lib(TessellatedTerrain.obj) : warning LNK4049: locally defined symbol __glewVertexAttribBinding imported
TinyWorldCore.lib(FullscreenRectangle.obj) : warning LNK4049: locally defined symbol __glewVertexAttribBinding imported
TinyWorldCore.lib(KPWater.obj) : warning LNK4049: locally defined symbol __glewVertexAttribBinding imported
TinyWorldCore.lib(Skydome.obj) : warning LNK4049: locally defined symbol __glewVertexAttribFormat imported
TinyWorldCore.lib(TessellatedTerrain.obj) : warning LNK4049: locally defined symbol __glewVertexAttribFormat imported
TinyWorldCore.lib(FullscreenRectangle.obj) : warning LNK4049: locally defined symbol __glewVertexAttribFormat imported
TinyWorldCore.lib(KPWater.obj) : warning LNK4049: locally defined symbol __glewVertexAttribFormat imported
TinyWorldCore.lib(KPWater.obj) : warning LNK4049: locally defined symbol __glewUniform4fv imported
TinyWorldCore.lib(AbstractRenderableObjectLightEx.obj) : warning LNK4049: locally defined symbol __glewUniform4fv imported
TinyWorldCore.lib(SSFilter_SSAO.obj) : warning LNK4049: locally defined symbol __glewUniform4fv imported
TinyWorldCore.lib(SSFilter_AtmosphericFog.obj) : warning LNK4049: locally defined symbol __glewUniform4fv imported
TinyWorldCore.lib(SSFilter_LightHaze.obj) : warning LNK4049: locally defined symbol __glewUniform4fv imported
TinyWorldCore.lib(AbstractRenderableObjectLightEx.obj) : warning LNK4049: locally defined symbol __glewUniformMatrix3fv imported
TinyWorldCore.lib(AbstractRenderableObjectLightEx.obj) : warning LNK4049: locally defined symbol __glewUniform1uiv imported
TinyWorldCore.lib(SSFilter_SSAO.obj) : warning LNK4049: locally defined symbol __glewUniform1uiv imported
TinyWorldCore.lib(KPWater.obj) : warning LNK4049: locally defined symbol __glewUniform1uiv imported
TinyWorldCore.lib(FractalNoise.obj) : warning LNK4049: locally defined symbol __glewUniform1uiv imported
TinyWorldCore.lib(AbstractRenderableObjectSelectionEx.obj) : warning LNK4049: locally defined symbol __glewUniform2uiv imported
TinyWorldCore.lib(TessellatedTerrain.obj) : warning LNK4049: locally defined symbol __glewUniform2uiv imported
TinyWorldCore.lib(KPWater.obj) : warning LNK4049: locally defined symbol __glewUniform2uiv imported
TinyWorldCore.lib(FractalNoise.obj) : warning LNK4049: locally defined symbol __glewUniform2uiv imported
TinyWorldCore.lib(TessellatedTerrain.obj) : warning LNK4049: locally defined symbol __glewUniform2fv imported
TinyWorldCore.lib(KPWater.obj) : warning LNK4049: locally defined symbol __glewUniform2fv imported
TinyWorldCore.lib(TessellatedTerrain.obj) : warning LNK4049: locally defined symbol __glewPatchParameteri imported
TinyWorldCore.lib(KPWater.obj) : warning LNK4049: locally defined symbol __glewPatchParameteri imported
TinyWorldCore.lib(KPWater.obj) : warning LNK4049: locally defined symbol __glewDispatchCompute imported
TinyWorldCore.lib(FractalNoise.obj) : warning LNK4049: locally defined symbol __glewDispatchCompute imported
TinyWorldCore.lib(BufferTexture.obj) : warning LNK4049: locally defined symbol __glewTexBuffer imported
TinyWorldCore.lib(ImmutableTexture1D.obj) : warning LNK4049: locally defined symbol __glewCompressedTexSubImage1D imported
TinyWorldCore.lib(ImmutableTexture1D.obj) : warning LNK4049: locally defined symbol __glewTexStorage1D imported
TinyWorldCore.lib(Shader.obj) : warning LNK4049: locally defined symbol __glewCompileShader imported
TinyWorldCore.lib(Shader.obj) : warning LNK4049: locally defined symbol __glewCreateShader imported
TinyWorldCore.lib(Shader.obj) : warning LNK4049: locally defined symbol __glewDeleteShader imported
TinyWorldCore.lib(Shader.obj) : warning LNK4049: locally defined symbol __glewGetShaderInfoLog imported
TinyWorldCore.lib(Shader.obj) : warning LNK4049: locally defined symbol __glewGetShaderiv imported
TinyWorldCore.lib(Shader.obj) : warning LNK4049: locally defined symbol __glewShaderSource imported
TinyWorldCore.lib(SeparateShaderProgram.obj) : warning LNK4049: locally defined symbol __glewActiveShaderProgram imported
TinyWorldCore.lib(SeparateShaderProgram.obj) : warning LNK4049: locally defined symbol __glewBindProgramPipeline imported
TinyWorldCore.lib(SeparateShaderProgram.obj) : warning LNK4049: locally defined symbol __glewDeleteProgramPipelines imported
TinyWorldCore.lib(SeparateShaderProgram.obj) : warning LNK4049: locally defined symbol __glewGenProgramPipelines imported
TinyWorldCore.lib(SeparateShaderProgram.obj) : warning LNK4049: locally defined symbol __glewUseProgramStages imported
TinyWorldCore.lib(ImageUnit.obj) : warning LNK4049: locally defined symbol __glewMemoryBarrier imported
TinyWorldCore.lib(FractalNoise.obj) : warning LNK4049: locally defined symbol __glewUniform3uiv imported
TinyWorldCore.lib(FractalNoise.obj) : warning LNK4049: locally defined symbol __glewUniform4uiv imported
TinyWorldCore.lib(context.obj) : error LNK2019: unresolved external symbol __imp_sscanf referenced in function _glfwRefreshContextAttribs
TinyWorldCore.lib(init.obj) : error LNK2019: unresolved external symbol __imp_vsnprintf referenced in function _glfwInputError
MSVCRTD.lib(vsnprintf.obj) : error LNK2001: unresolved external symbol __imp_vsnprintf
MSVCRTD.lib(vsnprintf.obj) : error LNK2001: unresolved external symbol __imp__vsnprintf
C:\Users\abibov\Source\Repos\TinyWorld\x64\Debug\ShallowWaterDemo.exe : fatal error LNK1120: 3 unresolved externals
